2025-07-07 16:10:03,251 - INFO - Đang lấy dữ liệu candle 1m cho
2025-07-07 16:10:03,764 - INFO - Websocket connected
2025-07-07 16:10:04,764 - INFO - Thu thập thành công 50 dòng
2025-07-07 16:10:05,032 - INFO - ✅ Thành công load vào DB.
2025-07-07 16:11:03,502 - INFO - Đang lấy dữ liệu candle 1m cho
2025-07-07 16:11:03,985 - INFO - Websocket connected
2025-07-07 16:11:05,021 - INFO - Thu thập thành công 50 dòng
2025-07-07 16:11:05,179 - INFO - ✅ Thành công load vào DB.
2025-07-07 16:12:03,702 - INFO - Đang lấy dữ liệu candle 1m cho
2025-07-07 16:12:04,171 - INFO - Websocket connected
2025-07-07 16:12:05,217 - INFO - Thu thập thành công 50 dòng
2025-07-07 16:12:05,554 - INFO - ✅ Thành công load vào DB.
2025-07-07 16:13:03,526 - INFO - Đang lấy dữ liệu candle 1m cho
2025-07-07 16:13:04,006 - INFO - Websocket connected
2025-07-07 16:13:05,047 - INFO - Thu thập thành công 50 dòng
2025-07-07 16:13:05,292 - INFO - ✅ Thành công load vào DB.
2025-07-07 16:14:03,578 - INFO - Đang lấy dữ liệu candle 1m cho
2025-07-07 16:14:04,046 - INFO - Websocket connected
2025-07-07 16:14:05,091 - INFO - Thu thập thành công 50 dòng
2025-07-07 16:14:05,405 - INFO - ✅ Thành công load vào DB.
2025-07-07 16:15:03,505 - INFO - Đang lấy dữ liệu candle 1m cho
2025-07-07 16:15:04,022 - INFO - Websocket connected
2025-07-07 16:15:05,027 - INFO - Thu thập thành công 50 dòng
2025-07-07 16:15:05,269 - INFO - ✅ Thành công load vào DB.
2025-07-07 16:16:03,360 - INFO - Đang lấy dữ liệu candle 1m cho
2025-07-07 16:16:03,781 - INFO - Websocket connected
2025-07-07 16:16:04,872 - INFO - Thu thập thành công 50 dòng
2025-07-07 16:16:05,087 - INFO - ✅ Thành công load vào DB.
2025-07-07 16:17:03,414 - INFO - Đang lấy dữ liệu candle 1m cho
2025-07-07 16:17:03,844 - INFO - Websocket connected
2025-07-07 16:17:04,925 - INFO - Thu thập thành công 50 dòng
2025-07-07 16:17:05,187 - INFO - ✅ Thành công load vào DB.
2025-07-07 16:18:03,738 - INFO - Đang lấy dữ liệu candle 1m cho
2025-07-07 16:18:04,227 - INFO - Websocket connected
2025-07-07 16:18:05,263 - INFO - Thu thập thành công 50 dòng
2025-07-07 16:18:05,459 - INFO - ✅ Thành công load vào DB.
2025-07-07 16:19:03,435 - INFO - Đang lấy dữ liệu candle 1m cho
2025-07-07 16:19:03,906 - INFO - Websocket connected
2025-07-07 16:19:04,977 - INFO - Thu thập thành công 50 dòng
2025-07-07 16:19:05,193 - INFO - ✅ Thành công load vào DB.
2025-07-07 16:20:03,462 - INFO - Đang lấy dữ liệu candle 1m cho
2025-07-07 16:20:03,986 - INFO - Websocket connected
2025-07-07 16:20:04,979 - INFO - Thu thập thành công 50 dòng
2025-07-07 16:20:05,252 - INFO - ✅ Thành công load vào DB.
2025-07-07 16:21:03,701 - INFO - Đang lấy dữ liệu candle 1m cho
2025-07-07 16:21:04,199 - INFO - Websocket connected
2025-07-07 16:21:05,219 - INFO - Thu thập thành công 50 dòng
2025-07-07 16:21:05,527 - INFO - ✅ Thành công load vào DB.
2025-07-07 16:22:03,407 - INFO - Đang lấy dữ liệu candle 1m cho
2025-07-07 16:22:03,857 - INFO - Websocket connected
2025-07-07 16:22:04,922 - INFO - Thu thập thành công 50 dòng
2025-07-07 16:22:05,179 - INFO - ✅ Thành công load vào DB.
2025-07-07 16:23:03,537 - INFO - Đang lấy dữ liệu candle 1m cho
2025-07-07 16:23:03,968 - INFO - Websocket connected
2025-07-07 16:23:05,047 - INFO - Thu thập thành công 50 dòng
2025-07-07 16:23:05,376 - INFO - ✅ Thành công load vào DB.
2025-07-07 16:24:03,202 - INFO - Đang lấy dữ liệu candle 1m cho
2025-07-07 16:24:03,673 - INFO - Websocket connected
2025-07-07 16:24:04,716 - INFO - Thu thập thành công 50 dòng
2025-07-07 16:24:05,009 - INFO - ✅ Thành công load vào DB.
2025-07-07 16:25:03,426 - INFO - Đang lấy dữ liệu candle 1m cho
2025-07-07 16:25:03,883 - INFO - Websocket connected
2025-07-07 16:25:04,939 - INFO - Thu thập thành công 50 dòng
2025-07-07 16:25:05,169 - INFO - ✅ Thành công load vào DB.
2025-07-07 16:26:03,384 - INFO - Đang lấy dữ liệu candle 1m cho
2025-07-07 16:26:03,835 - INFO - Websocket connected
2025-07-07 16:26:04,905 - INFO - Thu thập thành công 50 dòng
2025-07-07 16:26:05,150 - INFO - ✅ Thành công load vào DB.
2025-07-07 16:27:03,446 - INFO - Đang lấy dữ liệu candle 1m cho
2025-07-07 16:27:03,917 - INFO - Websocket connected
2025-07-07 16:27:04,962 - INFO - Thu thập thành công 50 dòng
2025-07-07 16:27:05,225 - INFO - ✅ Thành công load vào DB.
2025-07-07 16:28:03,347 - INFO - Đang lấy dữ liệu candle 1m cho
2025-07-07 16:28:03,826 - INFO - Websocket connected
2025-07-07 16:28:04,867 - INFO - Thu thập thành công 50 dòng
2025-07-07 16:28:05,088 - INFO - ✅ Thành công load vào DB.
2025-07-07 16:29:03,485 - INFO - Đang lấy dữ liệu candle 1m cho
2025-07-07 16:29:03,988 - INFO - Websocket connected
2025-07-07 16:29:05,005 - INFO - Thu thập thành công 50 dòng
2025-07-07 16:29:05,161 - INFO - ✅ Thành công load vào DB.
2025-07-07 16:30:03,404 - INFO - Đang lấy dữ liệu candle 1m cho
2025-07-07 16:30:03,915 - INFO - Websocket connected
2025-07-07 16:30:04,914 - INFO - Thu thập thành công 50 dòng
2025-07-07 16:30:05,062 - INFO - ✅ Thành công load vào DB.
2025-07-07 16:31:03,256 - INFO - Đang lấy dữ liệu candle 1m cho
2025-07-07 16:31:03,722 - INFO - Websocket connected
2025-07-07 16:31:04,766 - INFO - Thu thập thành công 50 dòng
2025-07-07 16:31:05,029 - INFO - ✅ Thành công load vào DB.
2025-07-07 16:32:03,621 - INFO - Đang lấy dữ liệu candle 1m cho
2025-07-07 16:32:04,100 - INFO - Websocket connected
2025-07-07 16:32:05,134 - INFO - Thu thập thành công 50 dòng
2025-07-07 16:32:05,322 - INFO - ✅ Thành công load vào DB.
2025-07-07 16:33:03,656 - INFO - Đang lấy dữ liệu candle 1m cho
2025-07-07 16:33:04,108 - INFO - Websocket connected
2025-07-07 16:33:05,161 - INFO - Thu thập thành công 50 dòng
2025-07-07 16:33:05,438 - INFO - ✅ Thành công load vào DB.
2025-07-07 16:34:03,517 - INFO - Đang lấy dữ liệu candle 1m cho
2025-07-07 16:34:03,985 - INFO - Websocket connected
2025-07-07 16:34:05,033 - INFO - Thu thập thành công 50 dòng
2025-07-07 16:34:05,475 - INFO - ✅ Thành công load vào DB.
2025-07-07 16:35:03,474 - INFO - Đang lấy dữ liệu candle 1m cho
2025-07-07 16:35:03,991 - INFO - Websocket connected
2025-07-07 16:35:04,987 - INFO - Thu thập thành công 50 dòng
2025-07-07 16:35:05,162 - INFO - ✅ Thành công load vào DB.
2025-07-07 16:36:03,447 - INFO - Đang lấy dữ liệu candle 1m cho
2025-07-07 16:36:03,926 - INFO - Websocket connected
2025-07-07 16:36:04,973 - INFO - Thu thập thành công 50 dòng
2025-07-07 16:36:05,161 - INFO - ✅ Thành công load vào DB.
2025-07-07 16:37:03,586 - INFO - Đang lấy dữ liệu candle 1m cho
2025-07-07 16:37:04,049 - INFO - Websocket connected
2025-07-07 16:37:05,102 - INFO - Thu thập thành công 50 dòng
2025-07-07 16:37:05,364 - INFO - ✅ Thành công load vào DB.
2025-07-07 16:38:03,513 - INFO - Đang lấy dữ liệu candle 1m cho
2025-07-07 16:38:03,980 - INFO - Websocket connected
2025-07-07 16:38:05,026 - INFO - Thu thập thành công 50 dòng
2025-07-07 16:38:05,367 - INFO - ✅ Thành công load vào DB.
2025-07-07 16:39:03,497 - INFO - Đang lấy dữ liệu candle 1m cho
2025-07-07 16:39:03,987 - INFO - Websocket connected
2025-07-07 16:39:05,030 - INFO - Thu thập thành công 50 dòng
2025-07-07 16:39:05,259 - INFO - ✅ Thành công load vào DB.
2025-07-07 16:40:03,570 - INFO - Đang lấy dữ liệu candle 1m cho
2025-07-07 16:40:04,045 - INFO - Websocket connected
2025-07-07 16:40:05,085 - INFO - Thu thập thành công 50 dòng
2025-07-07 16:40:05,304 - INFO - ✅ Thành công load vào DB.
2025-07-07 16:41:03,672 - INFO - Đang lấy dữ liệu candle 1m cho
2025-07-07 16:41:04,137 - INFO - Websocket connected
2025-07-07 16:41:05,182 - INFO - Thu thập thành công 50 dòng
2025-07-07 16:41:05,410 - INFO - ✅ Thành công load vào DB.
2025-07-07 16:42:03,513 - INFO - Đang lấy dữ liệu candle 1m cho
2025-07-07 16:42:03,935 - INFO - Websocket connected
2025-07-07 16:42:05,028 - INFO - Thu thập thành công 50 dòng
2025-07-07 16:42:05,269 - INFO - ✅ Thành công load vào DB.
2025-07-07 16:43:03,597 - INFO - Đang lấy dữ liệu candle 1m cho
2025-07-07 16:43:04,075 - INFO - Websocket connected
2025-07-07 16:43:05,106 - INFO - Thu thập thành công 50 dòng
2025-07-07 16:43:05,359 - INFO - ✅ Thành công load vào DB.
2025-07-07 16:44:03,586 - INFO - Đang lấy dữ liệu candle 1m cho
2025-07-07 16:44:04,009 - INFO - Websocket connected
2025-07-07 16:44:05,098 - INFO - Thu thập thành công 50 dòng
2025-07-07 16:44:05,334 - INFO - ✅ Thành công load vào DB.
2025-07-07 16:45:03,765 - INFO - Đang lấy dữ liệu candle 1m cho
2025-07-07 16:45:04,295 - INFO - Websocket connected
2025-07-07 16:45:05,305 - INFO - Thu thập thành công 50 dòng
2025-07-07 16:45:05,748 - INFO - ✅ Thành công load vào DB.
2025-07-07 16:46:03,294 - INFO - Đang lấy dữ liệu candle 1m cho
2025-07-07 16:46:03,712 - INFO - Websocket connected
2025-07-07 16:46:04,808 - INFO - Thu thập thành công 50 dòng
2025-07-07 16:46:05,061 - INFO - ✅ Thành công load vào DB.
2025-07-07 16:47:03,439 - INFO - Đang lấy dữ liệu candle 1m cho
2025-07-07 16:47:03,912 - INFO - Websocket connected
2025-07-07 16:47:04,950 - INFO - Thu thập thành công 50 dòng
2025-07-07 16:47:05,182 - INFO - ✅ Thành công load vào DB.
2025-07-07 16:48:03,529 - INFO - Đang lấy dữ liệu candle 1m cho
2025-07-07 16:48:03,978 - INFO - Websocket connected
2025-07-07 16:48:05,045 - INFO - Thu thập thành công 50 dòng
2025-07-07 16:48:05,269 - INFO - ✅ Thành công load vào DB.
2025-07-07 16:49:03,621 - INFO - Đang lấy dữ liệu candle 1m cho
2025-07-07 16:49:04,047 - INFO - Websocket connected
2025-07-07 16:49:05,129 - INFO - Thu thập thành công 50 dòng
2025-07-07 16:49:05,498 - INFO - ✅ Thành công load vào DB.
2025-07-07 16:50:03,541 - INFO - Đang lấy dữ liệu candle 1m cho
2025-07-07 16:50:04,029 - INFO - Websocket connected
2025-07-07 16:50:05,054 - INFO - Thu thập thành công 50 dòng
2025-07-07 16:50:05,318 - INFO - ✅ Thành công load vào DB.
2025-07-07 16:51:04,217 - INFO - Đang lấy dữ liệu candle 1m cho
2025-07-07 16:51:04,631 - INFO - Websocket connected
2025-07-07 16:51:05,727 - INFO - Thu thập thành công 50 dòng
2025-07-07 16:51:05,905 - INFO - ✅ Thành công load vào DB.
2025-07-07 16:52:03,716 - INFO - Đang lấy dữ liệu candle 1m cho
2025-07-07 16:52:04,150 - INFO - Websocket connected
2025-07-07 16:52:05,231 - INFO - Thu thập thành công 50 dòng
2025-07-07 16:52:05,442 - INFO - ✅ Thành công load vào DB.
2025-07-07 16:53:03,527 - INFO - Đang lấy dữ liệu candle 1m cho
2025-07-07 16:53:03,999 - INFO - Websocket connected
2025-07-07 16:53:05,054 - INFO - Thu thập thành công 50 dòng
2025-07-07 16:53:05,312 - INFO - ✅ Thành công load vào DB.
2025-07-07 16:54:03,369 - INFO - Đang lấy dữ liệu candle 1m cho
2025-07-07 16:54:03,823 - INFO - Websocket connected
2025-07-07 16:54:04,880 - INFO - Thu thập thành công 50 dòng
2025-07-07 16:54:05,085 - INFO - ✅ Thành công load vào DB.
2025-07-07 16:55:03,525 - INFO - Đang lấy dữ liệu candle 1m cho
2025-07-07 16:55:04,011 - INFO - Websocket connected
2025-07-07 16:55:05,045 - INFO - Thu thập thành công 50 dòng
2025-07-07 16:55:05,308 - INFO - ✅ Thành công load vào DB.
2025-07-07 16:56:03,863 - INFO - Đang lấy dữ liệu candle 1m cho
2025-07-07 16:56:04,498 - INFO - Websocket connected
2025-07-07 16:56:05,464 - INFO - Thu thập thành công 50 dòng
2025-07-07 16:56:05,783 - INFO - ✅ Thành công load vào DB.
2025-07-07 16:57:03,664 - INFO - Đang lấy dữ liệu candle 1m cho
2025-07-07 16:57:04,080 - INFO - Websocket connected
2025-07-07 16:57:05,172 - INFO - Thu thập thành công 50 dòng
2025-07-07 16:57:05,268 - INFO - ✅ Thành công load vào DB.
2025-07-07 16:58:03,503 - INFO - Đang lấy dữ liệu candle 1m cho
2025-07-07 16:58:03,949 - INFO - Websocket connected
2025-07-07 16:58:05,008 - INFO - Thu thập thành công 50 dòng
2025-07-07 16:58:05,365 - INFO - ✅ Thành công load vào DB.
2025-07-07 16:59:03,606 - INFO - Đang lấy dữ liệu candle 1m cho
2025-07-07 16:59:04,028 - INFO - Websocket connected
2025-07-07 16:59:05,117 - INFO - Thu thập thành công 50 dòng
2025-07-07 16:59:05,393 - INFO - ✅ Thành công load vào DB.
2025-07-07 17:00:03,672 - INFO - Đang lấy dữ liệu candle 1m cho
2025-07-07 17:00:04,107 - INFO - Websocket connected
2025-07-07 17:00:05,180 - INFO - Thu thập thành công 50 dòng
2025-07-07 17:00:05,402 - INFO - ✅ Thành công load vào DB.
2025-07-07 17:01:03,445 - INFO - Đang lấy dữ liệu candle 1m cho
2025-07-07 17:01:03,917 - INFO - Websocket connected
2025-07-07 17:01:04,959 - INFO - Thu thập thành công 50 dòng
2025-07-07 17:01:05,156 - INFO - ✅ Thành công load vào DB.
2025-07-07 17:02:03,498 - INFO - Đang lấy dữ liệu candle 1m cho
2025-07-07 17:02:03,985 - INFO - Websocket connected
2025-07-07 17:02:05,022 - INFO - Thu thập thành công 50 dòng
2025-07-07 17:02:05,291 - INFO - ✅ Thành công load vào DB.
2025-07-07 17:03:03,404 - INFO - Đang lấy dữ liệu candle 1m cho
2025-07-07 17:03:03,893 - INFO - Websocket connected
2025-07-07 17:03:04,916 - INFO - Thu thập thành công 50 dòng
2025-07-07 17:03:05,255 - INFO - ✅ Thành công load vào DB.
2025-07-07 17:04:03,412 - INFO - Đang lấy dữ liệu candle 1m cho
2025-07-07 17:04:03,894 - INFO - Websocket connected
2025-07-07 17:04:04,925 - INFO - Thu thập thành công 50 dòng
2025-07-07 17:04:05,271 - INFO - ✅ Thành công load vào DB.
2025-07-07 17:05:03,378 - INFO - Đang lấy dữ liệu candle 1m cho
2025-07-07 17:05:03,809 - INFO - Websocket connected
2025-07-07 17:05:04,896 - INFO - Thu thập thành công 50 dòng
2025-07-07 17:05:05,054 - INFO - ✅ Thành công load vào DB.
2025-07-07 17:06:03,622 - INFO - Đang lấy dữ liệu candle 1m cho
2025-07-07 17:06:04,101 - INFO - Websocket connected
2025-07-07 17:06:05,141 - INFO - Thu thập thành công 50 dòng
2025-07-07 17:06:05,432 - INFO - ✅ Thành công load vào DB.
2025-07-07 17:07:03,682 - INFO - Đang lấy dữ liệu candle 1m cho
2025-07-07 17:07:04,201 - INFO - Websocket connected
2025-07-07 17:07:05,197 - INFO - Thu thập thành công 50 dòng
2025-07-07 17:07:05,388 - INFO - ✅ Thành công load vào DB.
2025-07-07 17:08:03,613 - INFO - Đang lấy dữ liệu candle 1m cho
2025-07-07 17:08:04,028 - INFO - Websocket connected
2025-07-07 17:08:05,131 - INFO - Thu thập thành công 50 dòng
2025-07-07 17:08:05,577 - INFO - ✅ Thành công load vào DB.
2025-07-07 17:09:03,555 - INFO - Đang lấy dữ liệu candle 1m cho
2025-07-07 17:09:03,971 - INFO - Websocket connected
2025-07-07 17:09:05,067 - INFO - Thu thập thành công 50 dòng
2025-07-07 17:09:05,326 - INFO - ✅ Thành công load vào DB.
2025-07-07 17:10:03,620 - INFO - Đang lấy dữ liệu candle 1m cho
2025-07-07 17:10:04,235 - INFO - Websocket connected
2025-07-07 17:10:05,263 - INFO - Thu thập thành công 50 dòng
2025-07-07 17:10:05,450 - INFO - ✅ Thành công load vào DB.
2025-07-07 17:11:03,480 - INFO - Đang lấy dữ liệu candle 1m cho
2025-07-07 17:11:03,901 - INFO - Websocket connected
2025-07-07 17:11:04,992 - INFO - Thu thập thành công 50 dòng
2025-07-07 17:11:05,181 - INFO - ✅ Thành công load vào DB.
2025-07-07 17:12:03,578 - INFO - Đang lấy dữ liệu candle 1m cho
2025-07-07 17:12:04,036 - INFO - Websocket connected
2025-07-07 17:12:05,091 - INFO - Thu thập thành công 50 dòng
2025-07-07 17:12:05,409 - INFO - ✅ Thành công load vào DB.
2025-07-07 17:13:03,430 - INFO - Đang lấy dữ liệu candle 1m cho
2025-07-07 17:13:03,872 - INFO - Websocket connected
2025-07-07 17:13:04,952 - INFO - Thu thập thành công 50 dòng
2025-07-07 17:13:05,230 - INFO - ✅ Thành công load vào DB.
2025-07-07 17:14:03,461 - INFO - Đang lấy dữ liệu candle 1m cho
2025-07-07 17:14:03,939 - INFO - Websocket connected
2025-07-07 17:14:04,982 - INFO - Thu thập thành công 50 dòng
2025-07-07 17:14:05,288 - INFO - ✅ Thành công load vào DB.
2025-07-07 17:15:03,505 - INFO - Đang lấy dữ liệu candle 1m cho
2025-07-07 17:15:03,988 - INFO - Websocket connected
2025-07-07 17:15:05,018 - INFO - Thu thập thành công 50 dòng
2025-07-07 17:15:05,293 - INFO - ✅ Thành công load vào DB.
2025-07-07 17:16:03,600 - INFO - Đang lấy dữ liệu candle 1m cho
2025-07-07 17:16:04,090 - INFO - Websocket connected
2025-07-07 17:16:05,107 - INFO - Thu thập thành công 50 dòng
2025-07-07 17:16:05,371 - INFO - ✅ Thành công load vào DB.
2025-07-07 17:17:03,455 - INFO - Đang lấy dữ liệu candle 1m cho
2025-07-07 17:17:03,890 - INFO - Websocket connected
2025-07-07 17:17:04,974 - INFO - Thu thập thành công 50 dòng
2025-07-07 17:17:05,273 - INFO - ✅ Thành công load vào DB.
2025-07-07 17:18:03,513 - INFO - Đang lấy dữ liệu candle 1m cho
2025-07-07 17:18:04,014 - INFO - Websocket connected
2025-07-07 17:18:05,028 - INFO - Thu thập thành công 50 dòng
2025-07-07 17:18:05,259 - INFO - ✅ Thành công load vào DB.
2025-07-07 17:19:03,861 - INFO - Đang lấy dữ liệu candle 1m cho
2025-07-07 17:19:04,356 - INFO - Websocket connected
2025-07-07 17:19:05,380 - INFO - Thu thập thành công 50 dòng
2025-07-07 17:19:05,608 - INFO - ✅ Thành công load vào DB.
2025-07-07 17:20:03,551 - INFO - Đang lấy dữ liệu candle 1m cho
2025-07-07 17:20:04,018 - INFO - Websocket connected
2025-07-07 17:20:05,072 - INFO - Thu thập thành công 50 dòng
2025-07-07 17:20:05,179 - INFO - ✅ Thành công load vào DB.
2025-07-07 17:21:03,399 - INFO - Đang lấy dữ liệu candle 1m cho
2025-07-07 17:21:03,867 - INFO - Websocket connected
2025-07-07 17:21:04,916 - INFO - Thu thập thành công 50 dòng
2025-07-07 17:21:05,203 - INFO - ✅ Thành công load vào DB.
2025-07-07 17:22:03,609 - INFO - Đang lấy dữ liệu candle 1m cho
2025-07-07 17:22:04,144 - INFO - Websocket connected
2025-07-07 17:22:05,129 - INFO - Thu thập thành công 50 dòng
2025-07-07 17:22:05,337 - INFO - ✅ Thành công load vào DB.
2025-07-07 17:23:03,346 - INFO - Đang lấy dữ liệu candle 1m cho
2025-07-07 17:23:03,804 - INFO - Websocket connected
2025-07-07 17:23:04,863 - INFO - Thu thập thành công 50 dòng
2025-07-07 17:23:05,071 - INFO - ✅ Thành công load vào DB.
2025-07-07 17:24:03,454 - INFO - Đang lấy dữ liệu candle 1m cho
2025-07-07 17:24:03,891 - INFO - Websocket connected
2025-07-07 17:24:04,968 - INFO - Thu thập thành công 50 dòng
2025-07-07 17:24:05,152 - INFO - ✅ Thành công load vào DB.
2025-07-07 17:25:03,669 - INFO - Đang lấy dữ liệu candle 1m cho
2025-07-07 17:25:04,129 - INFO - Websocket connected
2025-07-07 17:25:05,190 - INFO - Thu thập thành công 50 dòng
2025-07-07 17:25:05,488 - INFO - ✅ Thành công load vào DB.
2025-07-07 17:26:03,589 - INFO - Đang lấy dữ liệu candle 1m cho
2025-07-07 17:26:04,058 - INFO - Websocket connected
2025-07-07 17:26:05,108 - INFO - Thu thập thành công 50 dòng
2025-07-07 17:26:05,345 - INFO - ✅ Thành công load vào DB.
2025-07-07 17:27:03,511 - INFO - Đang lấy dữ liệu candle 1m cho
2025-07-07 17:27:04,011 - INFO - Websocket connected
2025-07-07 17:27:05,027 - INFO - Thu thập thành công 50 dòng
2025-07-07 17:27:05,275 - INFO - ✅ Thành công load vào DB.
2025-07-07 17:28:03,551 - INFO - Đang lấy dữ liệu candle 1m cho
2025-07-07 17:28:04,039 - INFO - Websocket connected
2025-07-07 17:28:05,066 - INFO - Thu thập thành công 50 dòng
2025-07-07 17:28:05,328 - INFO - ✅ Thành công load vào DB.
2025-07-07 17:29:03,525 - INFO - Đang lấy dữ liệu candle 1m cho
2025-07-07 17:29:03,964 - INFO - Websocket connected
2025-07-07 17:29:05,043 - INFO - Thu thập thành công 50 dòng
2025-07-07 17:29:05,266 - INFO - ✅ Thành công load vào DB.
2025-07-07 17:30:03,575 - INFO - Đang lấy dữ liệu candle 1m cho
2025-07-07 17:30:04,028 - INFO - Websocket connected
2025-07-07 17:30:05,089 - INFO - Thu thập thành công 50 dòng
2025-07-07 17:30:05,334 - INFO - ✅ Thành công load vào DB.
2025-07-07 17:31:03,686 - INFO - Đang lấy dữ liệu candle 1m cho
2025-07-07 17:31:04,234 - INFO - Websocket connected
2025-07-07 17:31:05,217 - INFO - Thu thập thành công 50 dòng
2025-07-07 17:31:05,614 - INFO - ✅ Thành công load vào DB.
2025-07-07 17:32:03,541 - INFO - Đang lấy dữ liệu candle 1m cho
2025-07-07 17:32:03,960 - INFO - Websocket connected
2025-07-07 17:32:05,047 - INFO - Thu thập thành công 50 dòng
2025-07-07 17:32:05,317 - INFO - ✅ Thành công load vào DB.
2025-07-07 17:33:03,470 - INFO - Đang lấy dữ liệu candle 1m cho
2025-07-07 17:33:03,946 - INFO - Websocket connected
2025-07-07 17:33:04,983 - INFO - Thu thập thành công 50 dòng
2025-07-07 17:33:05,276 - INFO - ✅ Thành công load vào DB.
2025-07-07 17:34:03,473 - INFO - Đang lấy dữ liệu candle 1m cho
2025-07-07 17:34:03,940 - INFO - Websocket connected
2025-07-07 17:34:04,986 - INFO - Thu thập thành công 50 dòng
2025-07-07 17:34:05,266 - INFO - ✅ Thành công load vào DB.
2025-07-07 17:35:03,458 - INFO - Đang lấy dữ liệu candle 1m cho
2025-07-07 17:35:03,890 - INFO - Websocket connected
2025-07-07 17:35:04,968 - INFO - Thu thập thành công 50 dòng
2025-07-07 17:35:05,216 - INFO - ✅ Thành công load vào DB.
2025-07-07 17:36:03,556 - INFO - Đang lấy dữ liệu candle 1m cho
2025-07-07 17:36:04,013 - INFO - Websocket connected
2025-07-07 17:36:05,071 - INFO - Thu thập thành công 50 dòng
2025-07-07 17:36:05,325 - INFO - ✅ Thành công load vào DB.
2025-07-07 17:37:03,306 - INFO - Đang lấy dữ liệu candle 1m cho
2025-07-07 17:37:03,793 - INFO - Websocket connected
2025-07-07 17:37:04,816 - INFO - Thu thập thành công 50 dòng
2025-07-07 17:37:05,183 - INFO - ✅ Thành công load vào DB.
2025-07-07 17:38:03,543 - INFO - Đang lấy dữ liệu candle 1m cho
2025-07-07 17:38:03,969 - INFO - Websocket connected
2025-07-07 17:38:05,069 - INFO - Thu thập thành công 50 dòng
2025-07-07 17:38:05,318 - INFO - ✅ Thành công load vào DB.
2025-07-07 17:39:03,594 - INFO - Đang lấy dữ liệu candle 1m cho
2025-07-07 17:39:04,030 - INFO - Websocket connected
2025-07-07 17:39:05,108 - INFO - Thu thập thành công 50 dòng
2025-07-07 17:39:05,356 - INFO - ✅ Thành công load vào DB.
2025-07-07 17:40:03,419 - INFO - Đang lấy dữ liệu candle 1m cho
2025-07-07 17:40:03,859 - INFO - Websocket connected
2025-07-07 17:40:04,927 - INFO - Thu thập thành công 50 dòng
2025-07-07 17:40:05,106 - INFO - ✅ Thành công load vào DB.
2025-07-07 17:41:03,577 - INFO - Đang lấy dữ liệu candle 1m cho
2025-07-07 17:41:04,006 - INFO - Websocket connected
2025-07-07 17:41:05,085 - INFO - Thu thập thành công 50 dòng
2025-07-07 17:41:05,331 - INFO - ✅ Thành công load vào DB.
2025-07-07 17:42:03,728 - INFO - Đang lấy dữ liệu candle 1m cho
2025-07-07 17:42:04,206 - INFO - Websocket connected
2025-07-07 17:42:05,238 - INFO - Thu thập thành công 50 dòng
2025-07-07 17:42:05,483 - INFO - ✅ Thành công load vào DB.
2025-07-07 17:43:03,496 - INFO - Đang lấy dữ liệu candle 1m cho
2025-07-07 17:43:03,984 - INFO - Websocket connected
2025-07-07 17:43:05,005 - INFO - Thu thập thành công 50 dòng
2025-07-07 17:43:05,133 - INFO - ✅ Thành công load vào DB.
2025-07-07 17:44:03,554 - INFO - Đang lấy dữ liệu candle 1m cho
2025-07-07 17:44:04,006 - INFO - Websocket connected
2025-07-07 17:44:05,063 - INFO - Thu thập thành công 50 dòng
2025-07-07 17:44:05,310 - INFO - ✅ Thành công load vào DB.
2025-07-07 17:45:03,586 - INFO - Đang lấy dữ liệu candle 1m cho
2025-07-07 17:45:04,046 - INFO - Websocket connected
2025-07-07 17:45:05,095 - INFO - Thu thập thành công 50 dòng
2025-07-07 17:45:05,385 - INFO - ✅ Thành công load vào DB.
2025-07-07 17:46:03,588 - INFO - Đang lấy dữ liệu candle 1m cho
2025-07-07 17:46:04,030 - INFO - Websocket connected
2025-07-07 17:46:05,105 - INFO - Thu thập thành công 50 dòng
2025-07-07 17:46:05,423 - INFO - ✅ Thành công load vào DB.
2025-07-07 17:47:03,498 - INFO - Đang lấy dữ liệu candle 1m cho
2025-07-07 17:47:03,943 - INFO - Websocket connected
2025-07-07 17:47:05,014 - INFO - Thu thập thành công 50 dòng
2025-07-07 17:47:05,355 - INFO - ✅ Thành công load vào DB.
2025-07-07 17:48:03,545 - INFO - Đang lấy dữ liệu candle 1m cho
2025-07-07 17:48:04,069 - INFO - Websocket connected
2025-07-07 17:48:05,062 - INFO - Thu thập thành công 50 dòng
2025-07-07 17:48:05,301 - INFO - ✅ Thành công load vào DB.
2025-07-07 17:49:03,522 - INFO - Đang lấy dữ liệu candle 1m cho
2025-07-07 17:49:04,030 - INFO - Websocket connected
2025-07-07 17:49:05,031 - INFO - Thu thập thành công 50 dòng
2025-07-07 17:49:05,423 - INFO - ✅ Thành công load vào DB.
2025-07-07 17:50:03,514 - INFO - Đang lấy dữ liệu candle 1m cho
2025-07-07 17:50:04,012 - INFO - Websocket connected
2025-07-07 17:50:05,031 - INFO - Thu thập thành công 50 dòng
2025-07-07 17:50:05,231 - INFO - ✅ Thành công load vào DB.
2025-07-07 17:51:03,491 - INFO - Đang lấy dữ liệu candle 1m cho
2025-07-07 17:51:03,965 - INFO - Websocket connected
2025-07-07 17:51:04,998 - INFO - Thu thập thành công 50 dòng
2025-07-07 17:51:05,249 - INFO - ✅ Thành công load vào DB.
2025-07-07 17:52:03,496 - INFO - Đang lấy dữ liệu candle 1m cho
2025-07-07 17:52:03,974 - INFO - Websocket connected
2025-07-07 17:52:05,012 - INFO - Thu thập thành công 50 dòng
2025-07-07 17:52:05,334 - INFO - ✅ Thành công load vào DB.
2025-07-07 17:53:03,654 - INFO - Đang lấy dữ liệu candle 1m cho
2025-07-07 17:53:04,187 - INFO - Websocket connected
2025-07-07 17:53:05,174 - INFO - Thu thập thành công 50 dòng
2025-07-07 17:53:05,439 - INFO - ✅ Thành công load vào DB.
2025-07-07 17:54:03,483 - INFO - Đang lấy dữ liệu candle 1m cho
2025-07-07 17:54:03,923 - INFO - Websocket connected
2025-07-07 17:54:04,994 - INFO - Thu thập thành công 50 dòng
2025-07-07 17:54:05,347 - INFO - ✅ Thành công load vào DB.
2025-07-07 17:55:03,567 - INFO - Đang lấy dữ liệu candle 1m cho
2025-07-07 17:55:04,071 - INFO - Websocket connected
2025-07-07 17:55:05,081 - INFO - Thu thập thành công 50 dòng
2025-07-07 17:55:05,336 - INFO - ✅ Thành công load vào DB.
2025-07-07 17:56:03,479 - INFO - Đang lấy dữ liệu candle 1m cho
2025-07-07 17:56:04,006 - INFO - Websocket connected
2025-07-07 17:56:04,993 - INFO - Thu thập thành công 50 dòng
2025-07-07 17:56:05,217 - INFO - ✅ Thành công load vào DB.
2025-07-07 17:57:03,520 - INFO - Đang lấy dữ liệu candle 1m cho
2025-07-07 17:57:03,952 - INFO - Websocket connected
2025-07-07 17:57:05,034 - INFO - Thu thập thành công 50 dòng
2025-07-07 17:57:05,333 - INFO - ✅ Thành công load vào DB.
2025-07-07 17:58:03,530 - INFO - Đang lấy dữ liệu candle 1m cho
2025-07-07 17:58:03,988 - INFO - Websocket connected
2025-07-07 17:58:05,042 - INFO - Thu thập thành công 50 dòng
2025-07-07 17:58:05,245 - INFO - ✅ Thành công load vào DB.
2025-07-07 17:59:04,220 - INFO - Đang lấy dữ liệu candle 1m cho
2025-07-07 17:59:04,646 - INFO - Websocket connected
2025-07-07 17:59:05,745 - INFO - Thu thập thành công 50 dòng
2025-07-07 17:59:05,909 - INFO - ✅ Thành công load vào DB.
2025-07-07 18:00:03,423 - INFO - Đang lấy dữ liệu candle 1m cho
2025-07-07 18:00:03,867 - INFO - Websocket connected
2025-07-07 18:00:04,949 - INFO - Thu thập thành công 50 dòng
2025-07-07 18:00:05,249 - INFO - ✅ Thành công load vào DB.
2025-07-07 18:01:03,943 - INFO - Đang lấy dữ liệu candle 1m cho
2025-07-07 18:01:04,387 - INFO - Websocket connected
2025-07-07 18:01:05,456 - INFO - Thu thập thành công 50 dòng
2025-07-07 18:01:05,773 - INFO - ✅ Thành công load vào DB.
2025-07-07 18:02:03,578 - INFO - Đang lấy dữ liệu candle 1m cho
2025-07-07 18:02:04,059 - INFO - Websocket connected
2025-07-07 18:02:05,090 - INFO - Thu thập thành công 50 dòng
2025-07-07 18:02:05,274 - INFO - ✅ Thành công load vào DB.
2025-07-07 18:03:03,323 - INFO - Đang lấy dữ liệu candle 1m cho
2025-07-07 18:03:03,766 - INFO - Websocket connected
2025-07-07 18:03:04,836 - INFO - Thu thập thành công 50 dòng
2025-07-07 18:03:05,047 - INFO - ✅ Thành công load vào DB.
2025-07-07 18:04:03,284 - INFO - Đang lấy dữ liệu candle 1m cho
2025-07-07 18:04:03,743 - INFO - Websocket connected
2025-07-07 18:04:04,788 - INFO - Thu thập thành công 50 dòng
2025-07-07 18:04:04,971 - INFO - ✅ Thành công load vào DB.
2025-07-07 18:05:04,111 - INFO - Đang lấy dữ liệu candle 1m cho
2025-07-07 18:05:04,592 - INFO - Websocket connected
2025-07-07 18:05:05,625 - INFO - Thu thập thành công 50 dòng
2025-07-07 18:05:05,877 - INFO - ✅ Thành công load vào DB.
2025-07-07 18:06:03,593 - INFO - Đang lấy dữ liệu candle 1m cho
2025-07-07 18:06:04,069 - INFO - Websocket connected
2025-07-07 18:06:05,105 - INFO - Thu thập thành công 50 dòng
2025-07-07 18:06:05,223 - INFO - ✅ Thành công load vào DB.
2025-07-07 18:07:03,503 - INFO - Đang lấy dữ liệu candle 1m cho
2025-07-07 18:07:04,010 - INFO - Websocket connected
2025-07-07 18:07:05,010 - INFO - Thu thập thành công 50 dòng
2025-07-07 18:07:05,260 - INFO - ✅ Thành công load vào DB.
2025-07-07 18:08:03,464 - INFO - Đang lấy dữ liệu candle 1m cho
2025-07-07 18:08:03,948 - INFO - Websocket connected
2025-07-07 18:08:04,972 - INFO - Thu thập thành công 50 dòng
2025-07-07 18:08:05,182 - INFO - ✅ Thành công load vào DB.
2025-07-07 18:09:03,563 - INFO - Đang lấy dữ liệu candle 1m cho
2025-07-07 18:09:03,981 - INFO - Websocket connected
2025-07-07 18:09:05,071 - INFO - Thu thập thành công 50 dòng
2025-07-07 18:09:05,359 - INFO - ✅ Thành công load vào DB.
2025-07-07 18:10:03,479 - INFO - Đang lấy dữ liệu candle 1m cho
2025-07-07 18:10:03,955 - INFO - Websocket connected
2025-07-07 18:10:04,996 - INFO - Thu thập thành công 50 dòng
2025-07-07 18:10:05,241 - INFO - ✅ Thành công load vào DB.
2025-07-07 18:11:03,562 - INFO - Đang lấy dữ liệu candle 1m cho
2025-07-07 18:11:04,069 - INFO - Websocket connected
2025-07-07 18:11:05,078 - INFO - Thu thập thành công 50 dòng
2025-07-07 18:11:05,313 - INFO - ✅ Thành công load vào DB.
2025-07-07 18:12:03,685 - INFO - Đang lấy dữ liệu candle 1m cho
2025-07-07 18:12:04,191 - INFO - Websocket connected
2025-07-07 18:12:05,205 - INFO - Thu thập thành công 50 dòng
2025-07-07 18:12:05,460 - INFO - ✅ Thành công load vào DB.
2025-07-07 18:13:03,605 - INFO - Đang lấy dữ liệu candle 1m cho
2025-07-07 18:13:04,026 - INFO - Websocket connected
2025-07-07 18:13:05,135 - INFO - Thu thập thành công 50 dòng
2025-07-07 18:13:05,416 - INFO - ✅ Thành công load vào DB.
2025-07-07 18:14:03,583 - INFO - Đang lấy dữ liệu candle 1m cho
2025-07-07 18:14:04,003 - INFO - Websocket connected
2025-07-07 18:14:05,094 - INFO - Thu thập thành công 50 dòng
2025-07-07 18:14:05,452 - INFO - ✅ Thành công load vào DB.
2025-07-07 18:15:03,517 - INFO - Đang lấy dữ liệu candle 1m cho
2025-07-07 18:15:04,022 - INFO - Websocket connected
2025-07-07 18:15:05,047 - INFO - Thu thập thành công 50 dòng
2025-07-07 18:15:05,248 - INFO - ✅ Thành công load vào DB.
2025-07-07 18:16:03,578 - INFO - Đang lấy dữ liệu candle 1m cho
2025-07-07 18:16:04,059 - INFO - Websocket connected
2025-07-07 18:16:05,088 - INFO - Thu thập thành công 50 dòng
2025-07-07 18:16:05,463 - INFO - ✅ Thành công load vào DB.
2025-07-07 18:17:03,815 - INFO - Đang lấy dữ liệu candle 1m cho
2025-07-07 18:17:04,264 - INFO - Websocket connected
2025-07-07 18:17:05,328 - INFO - Thu thập thành công 50 dòng
2025-07-07 18:17:05,695 - INFO - ✅ Thành công load vào DB.
2025-07-07 18:18:03,580 - INFO - Đang lấy dữ liệu candle 1m cho
2025-07-07 18:18:04,110 - INFO - Websocket connected
2025-07-07 18:18:05,098 - INFO - Thu thập thành công 50 dòng
2025-07-07 18:18:05,367 - INFO - ✅ Thành công load vào DB.
2025-07-07 18:19:03,542 - INFO - Đang lấy dữ liệu candle 1m cho
2025-07-07 18:19:04,069 - INFO - Websocket connected
2025-07-07 18:19:05,054 - INFO - Thu thập thành công 50 dòng
2025-07-07 18:19:05,293 - INFO - ✅ Thành công load vào DB.
2025-07-07 18:20:03,574 - INFO - Đang lấy dữ liệu candle 1m cho
2025-07-07 18:20:04,051 - INFO - Websocket connected
2025-07-07 18:20:05,098 - INFO - Thu thập thành công 50 dòng
2025-07-07 18:20:05,346 - INFO - ✅ Thành công load vào DB.
2025-07-07 18:21:03,503 - INFO - Đang lấy dữ liệu candle 1m cho
2025-07-07 18:21:03,923 - INFO - Websocket connected
2025-07-07 18:21:05,016 - INFO - Thu thập thành công 50 dòng
2025-07-07 18:21:05,205 - INFO - ✅ Thành công load vào DB.
2025-07-07 18:22:03,433 - INFO - Đang lấy dữ liệu candle 1m cho
2025-07-07 18:22:03,924 - INFO - Websocket connected
2025-07-07 18:22:04,957 - INFO - Thu thập thành công 50 dòng
2025-07-07 18:22:05,217 - INFO - ✅ Thành công load vào DB.
2025-07-07 18:23:03,573 - INFO - Đang lấy dữ liệu candle 1m cho
2025-07-07 18:23:04,095 - INFO - Websocket connected
2025-07-07 18:23:05,089 - INFO - Thu thập thành công 50 dòng
2025-07-07 18:23:05,285 - INFO - ✅ Thành công load vào DB.
2025-07-07 18:24:03,614 - INFO - Đang lấy dữ liệu candle 1m cho
2025-07-07 18:24:04,041 - INFO - Websocket connected
2025-07-07 18:24:05,125 - INFO - Thu thập thành công 50 dòng
2025-07-07 18:24:05,388 - INFO - ✅ Thành công load vào DB.
2025-07-07 18:25:03,544 - INFO - Đang lấy dữ liệu candle 1m cho
2025-07-07 18:25:03,970 - INFO - Websocket connected
2025-07-07 18:25:05,056 - INFO - Thu thập thành công 50 dòng
2025-07-07 18:25:05,311 - INFO - ✅ Thành công load vào DB.
2025-07-07 18:26:03,502 - INFO - Đang lấy dữ liệu candle 1m cho
2025-07-07 18:26:03,969 - INFO - Websocket connected
2025-07-07 18:26:05,018 - INFO - Thu thập thành công 50 dòng
2025-07-07 18:26:05,313 - INFO - ✅ Thành công load vào DB.
2025-07-07 18:27:03,539 - INFO - Đang lấy dữ liệu candle 1m cho
2025-07-07 18:27:03,952 - INFO - Websocket connected
2025-07-07 18:27:05,077 - INFO - Thu thập thành công 50 dòng
2025-07-07 18:27:05,323 - INFO - ✅ Thành công load vào DB.
2025-07-07 18:28:03,594 - INFO - Đang lấy dữ liệu candle 1m cho
2025-07-07 18:28:04,076 - INFO - Websocket connected
2025-07-07 18:28:05,107 - INFO - Thu thập thành công 50 dòng
2025-07-07 18:28:05,554 - INFO - ✅ Thành công load vào DB.
2025-07-07 18:29:03,585 - INFO - Đang lấy dữ liệu candle 1m cho
2025-07-07 18:29:04,076 - INFO - Websocket connected
2025-07-07 18:29:05,102 - INFO - Thu thập thành công 50 dòng
2025-07-07 18:29:05,217 - INFO - ✅ Thành công load vào DB.
2025-07-07 18:30:03,547 - INFO - Đang lấy dữ liệu candle 1m cho
2025-07-07 18:30:04,028 - INFO - Websocket connected
2025-07-07 18:30:05,058 - INFO - Thu thập thành công 50 dòng
2025-07-07 18:30:05,290 - INFO - ✅ Thành công load vào DB.
2025-07-07 18:31:03,401 - INFO - Đang lấy dữ liệu candle 1m cho
2025-07-07 18:31:03,889 - INFO - Websocket connected
2025-07-07 18:31:04,919 - INFO - Thu thập thành công 50 dòng
2025-07-07 18:31:05,240 - INFO - ✅ Thành công load vào DB.
2025-07-07 18:32:03,515 - INFO - Đang lấy dữ liệu candle 1m cho
2025-07-07 18:32:04,017 - INFO - Websocket connected
2025-07-07 18:32:05,029 - INFO - Thu thập thành công 50 dòng
2025-07-07 18:32:05,222 - INFO - ✅ Thành công load vào DB.
2025-07-07 18:33:03,734 - INFO - Đang lấy dữ liệu candle 1m cho
2025-07-07 18:33:04,218 - INFO - Websocket connected
2025-07-07 18:33:05,238 - INFO - Thu thập thành công 50 dòng
2025-07-07 18:33:05,474 - INFO - ✅ Thành công load vào DB.
2025-07-07 18:34:03,577 - INFO - Đang lấy dữ liệu candle 1m cho
2025-07-07 18:34:03,998 - INFO - Websocket connected
2025-07-07 18:34:05,087 - INFO - Thu thập thành công 50 dòng
2025-07-07 18:34:05,303 - INFO - ✅ Thành công load vào DB.
2025-07-07 18:35:03,468 - INFO - Đang lấy dữ liệu candle 1m cho
2025-07-07 18:35:03,972 - INFO - Websocket connected
2025-07-07 18:35:04,981 - INFO - Thu thập thành công 50 dòng
2025-07-07 18:35:05,214 - INFO - ✅ Thành công load vào DB.
2025-07-07 18:36:03,493 - INFO - Đang lấy dữ liệu candle 1m cho
2025-07-07 18:36:03,986 - INFO - Websocket connected
2025-07-07 18:36:04,998 - INFO - Thu thập thành công 50 dòng
2025-07-07 18:36:05,292 - INFO - ✅ Thành công load vào DB.
2025-07-07 18:37:03,586 - INFO - Đang lấy dữ liệu candle 1m cho
2025-07-07 18:37:04,087 - INFO - Websocket connected
2025-07-07 18:37:05,095 - INFO - Thu thập thành công 50 dòng
2025-07-07 18:37:05,283 - INFO - ✅ Thành công load vào DB.
2025-07-07 18:38:03,445 - INFO - Đang lấy dữ liệu candle 1m cho
2025-07-07 18:38:03,947 - INFO - Websocket connected
2025-07-07 18:38:04,978 - INFO - Thu thập thành công 50 dòng
2025-07-07 18:38:05,243 - INFO - ✅ Thành công load vào DB.
2025-07-07 18:39:03,838 - INFO - Đang lấy dữ liệu candle 1m cho
2025-07-07 18:39:04,313 - INFO - Websocket connected
2025-07-07 18:39:05,352 - INFO - Thu thập thành công 50 dòng
2025-07-07 18:39:05,540 - INFO - ✅ Thành công load vào DB.
2025-07-07 18:40:03,359 - INFO - Đang lấy dữ liệu candle 1m cho
2025-07-07 18:40:03,797 - INFO - Websocket connected
2025-07-07 18:40:04,878 - INFO - Thu thập thành công 50 dòng
2025-07-07 18:40:05,111 - INFO - ✅ Thành công load vào DB.
2025-07-07 18:41:03,495 - INFO - Đang lấy dữ liệu candle 1m cho
2025-07-07 18:41:03,925 - INFO - Websocket connected
2025-07-07 18:41:05,012 - INFO - Thu thập thành công 50 dòng
2025-07-07 18:41:05,231 - INFO - ✅ Thành công load vào DB.
2025-07-07 18:42:03,724 - INFO - Đang lấy dữ liệu candle 1m cho
2025-07-07 18:42:04,141 - INFO - Websocket connected
2025-07-07 18:42:05,232 - INFO - Thu thập thành công 50 dòng
2025-07-07 18:42:05,502 - INFO - ✅ Thành công load vào DB.
2025-07-07 18:43:03,308 - INFO - Đang lấy dữ liệu candle 1m cho
2025-07-07 18:43:03,783 - INFO - Websocket connected
2025-07-07 18:43:04,821 - INFO - Thu thập thành công 50 dòng
2025-07-07 18:43:05,043 - INFO - ✅ Thành công load vào DB.
2025-07-07 18:44:03,398 - INFO - Đang lấy dữ liệu candle 1m cho
2025-07-07 18:44:03,910 - INFO - Websocket connected
2025-07-07 18:44:04,911 - INFO - Thu thập thành công 50 dòng
2025-07-07 18:44:05,195 - INFO - ✅ Thành công load vào DB.
2025-07-07 18:45:03,446 - INFO - Đang lấy dữ liệu candle 1m cho
2025-07-07 18:45:03,974 - INFO - Websocket connected
2025-07-07 18:45:04,957 - INFO - Thu thập thành công 50 dòng
2025-07-07 18:45:05,200 - INFO - ✅ Thành công load vào DB.
2025-07-07 18:46:03,514 - INFO - Đang lấy dữ liệu candle 1m cho
2025-07-07 18:46:04,003 - INFO - Websocket connected
2025-07-07 18:46:05,022 - INFO - Thu thập thành công 50 dòng
2025-07-07 18:46:05,259 - INFO - ✅ Thành công load vào DB.
2025-07-07 18:47:03,548 - INFO - Đang lấy dữ liệu candle 1m cho
2025-07-07 18:47:04,013 - INFO - Websocket connected
2025-07-07 18:47:05,063 - INFO - Thu thập thành công 50 dòng
2025-07-07 18:47:05,372 - INFO - ✅ Thành công load vào DB.
2025-07-07 18:48:03,431 - INFO - Đang lấy dữ liệu candle 1m cho
2025-07-07 18:48:03,923 - INFO - Websocket connected
2025-07-07 18:48:04,947 - INFO - Thu thập thành công 50 dòng
2025-07-07 18:48:05,177 - INFO - ✅ Thành công load vào DB.
2025-07-07 18:49:04,901 - INFO - Đang lấy dữ liệu candle 1m cho
2025-07-07 18:49:05,343 - INFO - Websocket connected
2025-07-07 18:49:06,416 - INFO - Thu thập thành công 50 dòng
2025-07-07 18:49:06,625 - INFO - ✅ Thành công load vào DB.
2025-07-07 18:50:03,498 - INFO - Đang lấy dữ liệu candle 1m cho
2025-07-07 18:50:03,963 - INFO - Websocket connected
2025-07-07 18:50:05,016 - INFO - Thu thập thành công 50 dòng
2025-07-07 18:50:05,267 - INFO - ✅ Thành công load vào DB.
2025-07-07 18:51:03,798 - INFO - Đang lấy dữ liệu candle 1m cho
2025-07-07 18:51:04,282 - INFO - Websocket connected
2025-07-07 18:51:05,308 - INFO - Thu thập thành công 50 dòng
2025-07-07 18:51:05,605 - INFO - ✅ Thành công load vào DB.
2025-07-07 18:52:03,508 - INFO - Đang lấy dữ liệu candle 1m cho
2025-07-07 18:52:03,958 - INFO - Websocket connected
2025-07-07 18:52:05,029 - INFO - Thu thập thành công 50 dòng
2025-07-07 18:52:05,147 - INFO - ✅ Thành công load vào DB.
2025-07-07 18:53:03,538 - INFO - Đang lấy dữ liệu candle 1m cho
2025-07-07 18:53:03,972 - INFO - Websocket connected
2025-07-07 18:53:05,047 - INFO - Thu thập thành công 50 dòng
2025-07-07 18:53:05,293 - INFO - ✅ Thành công load vào DB.
2025-07-07 18:54:03,612 - INFO - Đang lấy dữ liệu candle 1m cho
2025-07-07 18:54:04,097 - INFO - Websocket connected
2025-07-07 18:54:05,132 - INFO - Thu thập thành công 50 dòng
2025-07-07 18:54:05,299 - INFO - ✅ Thành công load vào DB.
2025-07-07 18:55:03,443 - INFO - Đang lấy dữ liệu candle 1m cho
2025-07-07 18:55:03,885 - INFO - Websocket connected
2025-07-07 18:55:04,958 - INFO - Thu thập thành công 50 dòng
2025-07-07 18:55:05,272 - INFO - ✅ Thành công load vào DB.
2025-07-07 18:56:03,530 - INFO - Đang lấy dữ liệu candle 1m cho
2025-07-07 18:56:04,022 - INFO - Websocket connected
2025-07-07 18:56:05,046 - INFO - Thu thập thành công 50 dòng
2025-07-07 18:56:05,286 - INFO - ✅ Thành công load vào DB.
2025-07-07 18:57:03,599 - INFO - Đang lấy dữ liệu candle 1m cho
2025-07-07 18:57:04,110 - INFO - Websocket connected
2025-07-07 18:57:05,122 - INFO - Thu thập thành công 50 dòng
2025-07-07 18:57:05,373 - INFO - ✅ Thành công load vào DB.
2025-07-07 18:58:03,345 - INFO - Đang lấy dữ liệu candle 1m cho
2025-07-07 18:58:03,777 - INFO - Websocket connected
2025-07-07 18:58:04,851 - INFO - Thu thập thành công 50 dòng
2025-07-07 18:58:05,244 - INFO - ✅ Thành công load vào DB.
2025-07-07 18:59:03,551 - INFO - Đang lấy dữ liệu candle 1m cho
2025-07-07 18:59:03,986 - INFO - Websocket connected
2025-07-07 18:59:05,063 - INFO - Thu thập thành công 50 dòng
2025-07-07 18:59:05,333 - INFO - ✅ Thành công load vào DB.
2025-07-07 19:00:03,472 - INFO - Đang lấy dữ liệu candle 1m cho
2025-07-07 19:00:04,087 - INFO - Websocket connected
2025-07-07 19:00:04,991 - INFO - Thu thập thành công 50 dòng
2025-07-07 19:00:05,221 - INFO - ✅ Thành công load vào DB.
2025-07-07 19:01:03,428 - INFO - Đang lấy dữ liệu candle 1m cho
2025-07-07 19:01:03,918 - INFO - Websocket connected
2025-07-07 19:01:04,938 - INFO - Thu thập thành công 50 dòng
2025-07-07 19:01:05,139 - INFO - ✅ Thành công load vào DB.
2025-07-07 19:02:03,670 - INFO - Đang lấy dữ liệu candle 1m cho
2025-07-07 19:02:04,226 - INFO - Websocket connected
2025-07-07 19:02:05,186 - INFO - Thu thập thành công 50 dòng
2025-07-07 19:02:05,428 - INFO - ✅ Thành công load vào DB.
2025-07-07 19:03:03,457 - INFO - Đang lấy dữ liệu candle 1m cho
2025-07-07 19:03:03,900 - INFO - Websocket connected
2025-07-07 19:03:04,970 - INFO - Thu thập thành công 50 dòng
2025-07-07 19:03:05,068 - INFO - ✅ Thành công load vào DB.
2025-07-07 19:04:03,418 - INFO - Đang lấy dữ liệu candle 1m cho
2025-07-07 19:04:03,858 - INFO - Websocket connected
2025-07-07 19:04:04,943 - INFO - Thu thập thành công 50 dòng
2025-07-07 19:04:05,171 - INFO - ✅ Thành công load vào DB.
2025-07-07 19:05:03,408 - INFO - Đang lấy dữ liệu candle 1m cho
2025-07-07 19:05:03,834 - INFO - Websocket connected
2025-07-07 19:05:04,929 - INFO - Thu thập thành công 50 dòng
2025-07-07 19:05:05,206 - INFO - ✅ Thành công load vào DB.
2025-07-07 19:06:03,468 - INFO - Đang lấy dữ liệu candle 1m cho
2025-07-07 19:06:03,973 - INFO - Websocket connected
2025-07-07 19:06:04,974 - INFO - Thu thập thành công 50 dòng
2025-07-07 19:06:05,154 - INFO - ✅ Thành công load vào DB.
2025-07-07 19:07:04,082 - INFO - Đang lấy dữ liệu candle 1m cho
2025-07-07 19:07:04,566 - INFO - Websocket connected
2025-07-07 19:07:05,613 - INFO - Thu thập thành công 50 dòng
2025-07-07 19:07:05,718 - INFO - ✅ Thành công load vào DB.
2025-07-07 19:08:03,510 - INFO - Đang lấy dữ liệu candle 1m cho
2025-07-07 19:08:03,989 - INFO - Websocket connected
2025-07-07 19:08:05,027 - INFO - Thu thập thành công 50 dòng
2025-07-07 19:08:05,269 - INFO - ✅ Thành công load vào DB.
2025-07-07 19:09:03,432 - INFO - Đang lấy dữ liệu candle 1m cho
2025-07-07 19:09:03,912 - INFO - Websocket connected
2025-07-07 19:09:04,955 - INFO - Thu thập thành công 50 dòng
2025-07-07 19:09:05,147 - INFO - ✅ Thành công load vào DB.
2025-07-07 19:10:03,473 - INFO - Đang lấy dữ liệu candle 1m cho
2025-07-07 19:10:04,158 - INFO - Websocket connected
2025-07-07 19:10:05,215 - INFO - Thu thập thành công 35 dòng
2025-07-07 19:10:05,340 - INFO - ✅ Thành công load vào DB.
2025-07-07 19:11:03,682 - INFO - Đang lấy dữ liệu candle 1m cho
2025-07-07 19:11:04,180 - INFO - Websocket connected
2025-07-07 19:11:05,220 - INFO - Thu thập thành công 50 dòng
2025-07-07 19:11:05,458 - INFO - ✅ Thành công load vào DB.
2025-07-07 19:12:03,528 - INFO - Đang lấy dữ liệu candle 1m cho
2025-07-07 19:12:03,941 - INFO - Websocket connected
2025-07-07 19:12:05,040 - INFO - Thu thập thành công 50 dòng
2025-07-07 19:12:05,276 - INFO - ✅ Thành công load vào DB.
2025-07-07 19:13:03,649 - INFO - Đang lấy dữ liệu candle 1m cho
2025-07-07 19:13:04,052 - INFO - Websocket connected
2025-07-07 19:13:05,155 - INFO - Thu thập thành công 50 dòng
2025-07-07 19:13:05,368 - INFO - ✅ Thành công load vào DB.
2025-07-07 19:14:03,604 - INFO - Đang lấy dữ liệu candle 1m cho
2025-07-07 19:14:04,095 - INFO - Websocket connected
2025-07-07 19:14:05,117 - INFO - Thu thập thành công 50 dòng
2025-07-07 19:14:05,536 - INFO - ✅ Thành công load vào DB.
2025-07-07 19:15:03,444 - INFO - Đang lấy dữ liệu candle 1m cho
2025-07-07 19:15:03,876 - INFO - Websocket connected
2025-07-07 19:15:04,968 - INFO - Thu thập thành công 50 dòng
2025-07-07 19:15:05,212 - INFO - ✅ Thành công load vào DB.
2025-07-07 19:16:03,590 - INFO - Đang lấy dữ liệu candle 1m cho
2025-07-07 19:16:04,141 - INFO - Websocket connected
2025-07-07 19:16:05,145 - INFO - Thu thập thành công 50 dòng
2025-07-07 19:16:05,418 - INFO - ✅ Thành công load vào DB.
2025-07-07 19:17:03,212 - INFO - Đang lấy dữ liệu candle 1m cho
2025-07-07 19:17:03,640 - INFO - Websocket connected
2025-07-07 19:17:04,728 - INFO - Thu thập thành công 50 dòng
2025-07-07 19:17:04,936 - INFO - ✅ Thành công load vào DB.
2025-07-07 19:18:03,537 - INFO - Đang lấy dữ liệu candle 1m cho
2025-07-07 19:18:03,948 - INFO - Websocket connected
2025-07-07 19:18:05,051 - INFO - Thu thập thành công 50 dòng
2025-07-07 19:18:05,277 - INFO - ✅ Thành công load vào DB.
2025-07-07 19:19:03,443 - INFO - Đang lấy dữ liệu candle 1m cho
2025-07-07 19:19:03,913 - INFO - Websocket connected
2025-07-07 19:19:04,962 - INFO - Thu thập thành công 50 dòng
2025-07-07 19:19:05,135 - INFO - ✅ Thành công load vào DB.
2025-07-07 19:20:03,626 - INFO - Đang lấy dữ liệu candle 1m cho
2025-07-07 19:20:04,026 - INFO - Websocket connected
2025-07-07 19:20:05,138 - INFO - Thu thập thành công 50 dòng
2025-07-07 19:20:05,369 - INFO - ✅ Thành công load vào DB.
2025-07-07 19:21:03,503 - INFO - Đang lấy dữ liệu candle 1m cho
2025-07-07 19:21:03,995 - INFO - Websocket connected
2025-07-07 19:21:05,017 - INFO - Thu thập thành công 50 dòng
2025-07-07 19:21:05,313 - INFO - ✅ Thành công load vào DB.
2025-07-07 19:22:03,605 - INFO - Đang lấy dữ liệu candle 1m cho
2025-07-07 19:22:04,023 - INFO - Websocket connected
2025-07-07 19:22:05,114 - INFO - Thu thập thành công 50 dòng
2025-07-07 19:22:05,347 - INFO - ✅ Thành công load vào DB.
2025-07-07 19:23:03,453 - INFO - Đang lấy dữ liệu candle 1m cho
2025-07-07 19:23:03,929 - INFO - Websocket connected
2025-07-07 19:23:04,973 - INFO - Thu thập thành công 50 dòng
2025-07-07 19:23:05,274 - INFO - ✅ Thành công load vào DB.
2025-07-07 19:24:03,499 - INFO - Đang lấy dữ liệu candle 1m cho
2025-07-07 19:24:03,918 - INFO - Websocket connected
2025-07-07 19:24:05,019 - INFO - Thu thập thành công 50 dòng
2025-07-07 19:24:05,253 - INFO - ✅ Thành công load vào DB.
2025-07-07 19:25:03,685 - INFO - Đang lấy dữ liệu candle 1m cho
2025-07-07 19:25:04,147 - INFO - Websocket connected
2025-07-07 19:25:05,196 - INFO - Thu thập thành công 50 dòng
2025-07-07 19:25:05,458 - INFO - ✅ Thành công load vào DB.
2025-07-07 19:26:03,604 - INFO - Đang lấy dữ liệu candle 1m cho
2025-07-07 19:26:03,996 - INFO - Websocket connected
2025-07-07 19:26:05,112 - INFO - Thu thập thành công 50 dòng
2025-07-07 19:26:05,226 - INFO - ✅ Thành công load vào DB.
2025-07-07 19:27:03,537 - INFO - Đang lấy dữ liệu candle 1m cho
2025-07-07 19:27:04,006 - INFO - Websocket connected
2025-07-07 19:27:05,049 - INFO - Thu thập thành công 50 dòng
2025-07-07 19:27:05,237 - INFO - ✅ Thành công load vào DB.
2025-07-07 19:28:03,486 - INFO - Đang lấy dữ liệu candle 1m cho
2025-07-07 19:28:03,961 - INFO - Websocket connected
2025-07-07 19:28:04,992 - INFO - Thu thập thành công 50 dòng
2025-07-07 19:28:05,253 - INFO - ✅ Thành công load vào DB.
2025-07-07 19:29:03,514 - INFO - Đang lấy dữ liệu candle 1m cho
2025-07-07 19:29:03,991 - INFO - Websocket connected
2025-07-07 19:29:05,035 - INFO - Thu thập thành công 50 dòng
2025-07-07 19:29:05,214 - INFO - ✅ Thành công load vào DB.
2025-07-07 19:30:03,494 - INFO - Đang lấy dữ liệu candle 1m cho
2025-07-07 19:30:04,025 - INFO - Websocket connected
2025-07-07 19:30:05,005 - INFO - Thu thập thành công 50 dòng
2025-07-07 19:30:05,208 - INFO - ✅ Thành công load vào DB.
2025-07-07 19:31:03,575 - INFO - Đang lấy dữ liệu candle 1m cho
2025-07-07 19:31:04,022 - INFO - Websocket connected
2025-07-07 19:31:05,082 - INFO - Thu thập thành công 50 dòng
2025-07-07 19:31:05,325 - INFO - ✅ Thành công load vào DB.
2025-07-07 19:32:03,536 - INFO - Đang lấy dữ liệu candle 1m cho
2025-07-07 19:32:03,967 - INFO - Websocket connected
2025-07-07 19:32:05,048 - INFO - Thu thập thành công 50 dòng
2025-07-07 19:32:05,280 - INFO - ✅ Thành công load vào DB.
2025-07-07 19:33:03,476 - INFO - Đang lấy dữ liệu candle 1m cho
2025-07-07 19:33:03,897 - INFO - Websocket connected
2025-07-07 19:33:04,989 - INFO - Thu thập thành công 50 dòng
2025-07-07 19:33:05,190 - INFO - ✅ Thành công load vào DB.
2025-07-07 19:34:03,461 - INFO - Đang lấy dữ liệu candle 1m cho
2025-07-07 19:34:03,954 - INFO - Websocket connected
2025-07-07 19:34:04,981 - INFO - Thu thập thành công 50 dòng
2025-07-07 19:34:05,196 - INFO - ✅ Thành công load vào DB.
2025-07-07 19:35:03,395 - INFO - Đang lấy dữ liệu candle 1m cho
2025-07-07 19:35:03,855 - INFO - Websocket connected
2025-07-07 19:35:04,903 - INFO - Thu thập thành công 50 dòng
2025-07-07 19:35:05,154 - INFO - ✅ Thành công load vào DB.
2025-07-07 19:36:03,639 - INFO - Đang lấy dữ liệu candle 1m cho
2025-07-07 19:36:04,167 - INFO - Websocket connected
2025-07-07 19:36:05,155 - INFO - Thu thập thành công 50 dòng
2025-07-07 19:36:05,365 - INFO - ✅ Thành công load vào DB.
2025-07-07 19:37:03,482 - INFO - Đang lấy dữ liệu candle 1m cho
2025-07-07 19:37:03,974 - INFO - Websocket connected
2025-07-07 19:37:04,998 - INFO - Thu thập thành công 50 dòng
2025-07-07 19:37:05,350 - INFO - ✅ Thành công load vào DB.
2025-07-07 19:38:03,439 - INFO - Đang lấy dữ liệu candle 1m cho
2025-07-07 19:38:03,920 - INFO - Websocket connected
2025-07-07 19:38:04,953 - INFO - Thu thập thành công 50 dòng
2025-07-07 19:38:05,177 - INFO - ✅ Thành công load vào DB.
2025-07-07 19:39:03,568 - INFO - Đang lấy dữ liệu candle 1m cho
2025-07-07 19:39:04,016 - INFO - Websocket connected
2025-07-07 19:39:05,078 - INFO - Thu thập thành công 50 dòng
2025-07-07 19:39:05,313 - INFO - ✅ Thành công load vào DB.
2025-07-07 19:40:03,558 - INFO - Đang lấy dữ liệu candle 1m cho
2025-07-07 19:40:04,032 - INFO - Websocket connected
2025-07-07 19:40:05,067 - INFO - Thu thập thành công 50 dòng
2025-07-07 19:40:05,356 - INFO - ✅ Thành công load vào DB.
2025-07-07 19:41:03,779 - INFO - Đang lấy dữ liệu candle 1m cho
2025-07-07 19:41:04,229 - INFO - Websocket connected
2025-07-07 19:41:05,288 - INFO - Thu thập thành công 50 dòng
2025-07-07 19:41:05,522 - INFO - ✅ Thành công load vào DB.
2025-07-07 19:42:03,724 - INFO - Đang lấy dữ liệu candle 1m cho
2025-07-07 19:42:04,139 - INFO - Websocket connected
2025-07-07 19:42:05,239 - INFO - Thu thập thành công 50 dòng
2025-07-07 19:42:05,443 - INFO - ✅ Thành công load vào DB.
2025-07-07 19:43:03,544 - INFO - Đang lấy dữ liệu candle 1m cho
2025-07-07 19:43:03,975 - INFO - Websocket connected
2025-07-07 19:43:05,063 - INFO - Thu thập thành công 50 dòng
2025-07-07 19:43:05,493 - INFO - ✅ Thành công load vào DB.
2025-07-07 19:44:03,569 - INFO - Đang lấy dữ liệu candle 1m cho
2025-07-07 19:44:04,043 - INFO - Websocket connected
2025-07-07 19:44:05,093 - INFO - Thu thập thành công 50 dòng
2025-07-07 19:44:05,469 - INFO - ✅ Thành công load vào DB.
2025-07-07 19:45:03,488 - INFO - Đang lấy dữ liệu candle 1m cho
2025-07-07 19:45:03,951 - INFO - Websocket connected
2025-07-07 19:45:05,001 - INFO - Thu thập thành công 50 dòng
2025-07-07 19:45:05,224 - INFO - ✅ Thành công load vào DB.
2025-07-07 19:46:03,497 - INFO - Đang lấy dữ liệu candle 1m cho
2025-07-07 19:46:03,941 - INFO - Websocket connected
2025-07-07 19:46:05,009 - INFO - Thu thập thành công 50 dòng
2025-07-07 19:46:05,309 - INFO - ✅ Thành công load vào DB.
2025-07-07 19:47:03,380 - INFO - Đang lấy dữ liệu candle 1m cho
2025-07-07 19:47:03,860 - INFO - Websocket connected
2025-07-07 19:47:04,890 - INFO - Thu thập thành công 50 dòng
2025-07-07 19:47:05,139 - INFO - ✅ Thành công load vào DB.
2025-07-07 19:48:03,798 - INFO - Đang lấy dữ liệu candle 1m cho
2025-07-07 19:48:04,272 - INFO - Websocket connected
2025-07-07 19:48:05,311 - INFO - Thu thập thành công 50 dòng
2025-07-07 19:48:05,589 - INFO - ✅ Thành công load vào DB.
2025-07-07 19:49:03,652 - INFO - Đang lấy dữ liệu candle 1m cho
2025-07-07 19:49:04,085 - INFO - Websocket connected
2025-07-07 19:49:05,166 - INFO - Thu thập thành công 50 dòng
2025-07-07 19:49:05,256 - INFO - ✅ Thành công load vào DB.
2025-07-07 19:50:03,685 - INFO - Đang lấy dữ liệu candle 1m cho
2025-07-07 19:50:04,157 - INFO - Websocket connected
2025-07-07 19:50:05,203 - INFO - Thu thập thành công 50 dòng
2025-07-07 19:50:05,366 - INFO - ✅ Thành công load vào DB.
2025-07-07 19:51:03,318 - INFO - Đang lấy dữ liệu candle 1m cho
2025-07-07 19:51:03,796 - INFO - Websocket connected
2025-07-07 19:51:04,827 - INFO - Thu thập thành công 50 dòng
2025-07-07 19:51:05,073 - INFO - ✅ Thành công load vào DB.
2025-07-07 19:52:03,294 - INFO - Đang lấy dữ liệu candle 1m cho
2025-07-07 19:52:03,843 - INFO - Websocket connected
2025-07-07 19:52:04,816 - INFO - Thu thập thành công 50 dòng
2025-07-07 19:52:05,075 - INFO - ✅ Thành công load vào DB.
2025-07-07 19:53:03,338 - INFO - Đang lấy dữ liệu candle 1m cho
2025-07-07 19:53:03,833 - INFO - Websocket connected
2025-07-07 19:53:04,856 - INFO - Thu thập thành công 50 dòng
2025-07-07 19:53:05,062 - INFO - ✅ Thành công load vào DB.
2025-07-07 19:54:03,558 - INFO - Đang lấy dữ liệu candle 1m cho
2025-07-07 19:54:04,041 - INFO - Websocket connected
2025-07-07 19:54:05,076 - INFO - Thu thập thành công 50 dòng
2025-07-07 19:54:05,341 - INFO - ✅ Thành công load vào DB.
2025-07-07 19:55:03,525 - INFO - Đang lấy dữ liệu candle 1m cho
2025-07-07 19:55:04,027 - INFO - Websocket connected
2025-07-07 19:55:05,036 - INFO - Thu thập thành công 50 dòng
2025-07-07 19:55:05,306 - INFO - ✅ Thành công load vào DB.
2025-07-07 19:56:03,617 - INFO - Đang lấy dữ liệu candle 1m cho
2025-07-07 19:56:04,083 - INFO - Websocket connected
2025-07-07 19:56:05,138 - INFO - Thu thập thành công 50 dòng
2025-07-07 19:56:05,300 - INFO - ✅ Thành công load vào DB.
2025-07-07 19:57:03,517 - INFO - Đang lấy dữ liệu candle 1m cho
2025-07-07 19:57:03,975 - INFO - Websocket connected
2025-07-07 19:57:05,031 - INFO - Thu thập thành công 50 dòng
2025-07-07 19:57:05,257 - INFO - ✅ Thành công load vào DB.
2025-07-07 19:58:03,563 - INFO - Đang lấy dữ liệu candle 1m cho
2025-07-07 19:58:04,104 - INFO - Websocket connected
2025-07-07 19:58:05,078 - INFO - Thu thập thành công 50 dòng
2025-07-07 19:58:05,435 - INFO - ✅ Thành công load vào DB.
2025-07-07 19:59:03,668 - INFO - Đang lấy dữ liệu candle 1m cho
2025-07-07 19:59:04,139 - INFO - Websocket connected
2025-07-07 19:59:05,179 - INFO - Thu thập thành công 50 dòng
2025-07-07 19:59:05,494 - INFO - ✅ Thành công load vào DB.
2025-07-07 20:00:03,523 - INFO - Đang lấy dữ liệu candle 1m cho
2025-07-07 20:00:04,081 - INFO - Websocket connected
2025-07-07 20:00:05,136 - INFO - Thu thập thành công 50 dòng
2025-07-07 20:00:05,671 - INFO - ✅ Thành công load vào DB.
2025-07-07 20:01:03,537 - INFO - Đang lấy dữ liệu candle 1m cho
2025-07-07 20:01:04,056 - INFO - Websocket connected
2025-07-07 20:01:05,060 - INFO - Thu thập thành công 50 dòng
2025-07-07 20:01:05,261 - INFO - ✅ Thành công load vào DB.
2025-07-07 20:02:03,591 - INFO - Đang lấy dữ liệu candle 1m cho
2025-07-07 20:02:04,010 - INFO - Websocket connected
2025-07-07 20:02:05,108 - INFO - Thu thập thành công 50 dòng
2025-07-07 20:02:05,285 - INFO - ✅ Thành công load vào DB.
2025-07-07 20:03:03,531 - INFO - Đang lấy dữ liệu candle 1m cho
2025-07-07 20:03:03,989 - INFO - Websocket connected
2025-07-07 20:03:05,038 - INFO - Thu thập thành công 50 dòng
2025-07-07 20:03:05,254 - INFO - ✅ Thành công load vào DB.
2025-07-07 20:04:03,544 - INFO - Đang lấy dữ liệu candle 1m cho
2025-07-07 20:04:04,007 - INFO - Websocket connected
2025-07-07 20:04:05,057 - INFO - Thu thập thành công 50 dòng
2025-07-07 20:04:05,455 - INFO - ✅ Thành công load vào DB.
2025-07-07 20:05:03,555 - INFO - Đang lấy dữ liệu candle 1m cho
2025-07-07 20:05:03,966 - INFO - Websocket connected
2025-07-07 20:05:05,067 - INFO - Thu thập thành công 50 dòng
2025-07-07 20:05:05,286 - INFO - ✅ Thành công load vào DB.
2025-07-07 20:06:03,645 - INFO - Đang lấy dữ liệu candle 1m cho
2025-07-07 20:06:04,080 - INFO - Websocket connected
2025-07-07 20:06:05,164 - INFO - Thu thập thành công 50 dòng
2025-07-07 20:06:05,412 - INFO - ✅ Thành công load vào DB.
2025-07-07 20:07:03,581 - INFO - Đang lấy dữ liệu candle 1m cho
2025-07-07 20:07:03,997 - INFO - Websocket connected
2025-07-07 20:07:05,094 - INFO - Thu thập thành công 50 dòng
2025-07-07 20:07:05,324 - INFO - ✅ Thành công load vào DB.
2025-07-07 20:08:03,469 - INFO - Đang lấy dữ liệu candle 1m cho
2025-07-07 20:08:03,915 - INFO - Websocket connected
2025-07-07 20:08:04,988 - INFO - Thu thập thành công 50 dòng
2025-07-07 20:08:05,203 - INFO - ✅ Thành công load vào DB.
2025-07-07 20:09:03,558 - INFO - Đang lấy dữ liệu candle 1m cho
2025-07-07 20:09:04,001 - INFO - Websocket connected
2025-07-07 20:09:05,071 - INFO - Thu thập thành công 50 dòng
2025-07-07 20:09:05,280 - INFO - ✅ Thành công load vào DB.
2025-07-07 20:10:03,624 - INFO - Đang lấy dữ liệu candle 1m cho
2025-07-07 20:10:04,117 - INFO - Websocket connected
2025-07-07 20:10:05,142 - INFO - Thu thập thành công 50 dòng
2025-07-07 20:10:05,466 - INFO - ✅ Thành công load vào DB.
2025-07-07 20:11:03,761 - INFO - Đang lấy dữ liệu candle 1m cho
2025-07-07 20:11:04,241 - INFO - Websocket connected
2025-07-07 20:11:05,281 - INFO - Thu thập thành công 50 dòng
2025-07-07 20:11:05,659 - INFO - ✅ Thành công load vào DB.
2025-07-07 20:12:03,505 - INFO - Đang lấy dữ liệu candle 1m cho
2025-07-07 20:12:03,916 - INFO - Websocket connected
2025-07-07 20:12:05,015 - INFO - Thu thập thành công 50 dòng
2025-07-07 20:12:05,290 - INFO - ✅ Thành công load vào DB.
2025-07-07 20:13:09,326 - INFO - Đang lấy dữ liệu candle 1m cho
2025-07-07 20:13:09,806 - INFO - Websocket connected
2025-07-07 20:13:10,839 - INFO - Thu thập thành công 50 dòng
2025-07-07 20:13:11,182 - INFO - ✅ Thành công load vào DB.
2025-07-07 20:14:03,510 - INFO - Đang lấy dữ liệu candle 1m cho
2025-07-07 20:14:03,956 - INFO - Websocket connected
2025-07-07 20:14:05,023 - INFO - Thu thập thành công 50 dòng
2025-07-07 20:14:05,267 - INFO - ✅ Thành công load vào DB.
2025-07-07 20:15:03,657 - INFO - Đang lấy dữ liệu candle 1m cho
2025-07-07 20:15:04,070 - INFO - Websocket connected
2025-07-07 20:15:05,171 - INFO - Thu thập thành công 50 dòng
2025-07-07 20:15:05,460 - INFO - ✅ Thành công load vào DB.
2025-07-07 20:16:03,566 - INFO - Đang lấy dữ liệu candle 1m cho
2025-07-07 20:16:04,036 - INFO - Websocket connected
2025-07-07 20:16:05,084 - INFO - Thu thập thành công 50 dòng
2025-07-07 20:16:05,352 - INFO - ✅ Thành công load vào DB.
2025-07-07 20:17:03,448 - INFO - Đang lấy dữ liệu candle 1m cho
2025-07-07 20:17:03,930 - INFO - Websocket connected
2025-07-07 20:17:04,968 - INFO - Thu thập thành công 50 dòng
2025-07-07 20:17:05,255 - INFO - ✅ Thành công load vào DB.
2025-07-07 20:18:03,592 - INFO - Đang lấy dữ liệu candle 1m cho
2025-07-07 20:18:04,022 - INFO - Websocket connected
2025-07-07 20:18:05,104 - INFO - Thu thập thành công 50 dòng
2025-07-07 20:18:05,306 - INFO - ✅ Thành công load vào DB.
2025-07-07 20:19:03,666 - INFO - Đang lấy dữ liệu candle 1m cho
2025-07-07 20:19:04,053 - INFO - Websocket connected
2025-07-07 20:19:05,176 - INFO - Thu thập thành công 50 dòng
2025-07-07 20:19:05,473 - INFO - ✅ Thành công load vào DB.
2025-07-07 20:20:03,652 - INFO - Đang lấy dữ liệu candle 1m cho
2025-07-07 20:20:04,265 - INFO - Websocket connected
2025-07-07 20:20:05,151 - ERROR - Connection timed out - goodbye
2025-07-07 20:20:05,431 - INFO - Thu thập thành công 20 dòng
2025-07-07 20:20:05,859 - INFO - ✅ Thành công load vào DB.
2025-07-07 20:21:03,485 - INFO - Đang lấy dữ liệu candle 1m cho
2025-07-07 20:21:03,934 - INFO - Websocket connected
2025-07-07 20:21:05,003 - INFO - Thu thập thành công 50 dòng
2025-07-07 20:21:05,237 - INFO - ✅ Thành công load vào DB.
2025-07-07 20:22:03,852 - INFO - Đang lấy dữ liệu candle 1m cho
2025-07-07 20:22:04,304 - INFO - Websocket connected
2025-07-07 20:22:05,366 - INFO - Thu thập thành công 50 dòng
2025-07-07 20:22:05,557 - INFO - ✅ Thành công load vào DB.
2025-07-07 20:23:03,530 - INFO - Đang lấy dữ liệu candle 1m cho
2025-07-07 20:23:03,998 - INFO - Websocket connected
2025-07-07 20:23:05,041 - INFO - Thu thập thành công 50 dòng
2025-07-07 20:23:05,155 - INFO - ✅ Thành công load vào DB.
2025-07-07 20:24:03,609 - INFO - Đang lấy dữ liệu candle 1m cho
2025-07-07 20:24:04,017 - INFO - Websocket connected
2025-07-07 20:24:05,121 - INFO - Thu thập thành công 50 dòng
2025-07-07 20:24:05,368 - INFO - ✅ Thành công load vào DB.
2025-07-07 20:25:03,639 - INFO - Đang lấy dữ liệu candle 1m cho
2025-07-07 20:25:04,080 - INFO - Websocket connected
2025-07-07 20:25:05,150 - INFO - Thu thập thành công 50 dòng
2025-07-07 20:25:05,411 - INFO - ✅ Thành công load vào DB.
2025-07-07 20:26:03,588 - INFO - Đang lấy dữ liệu candle 1m cho
2025-07-07 20:26:04,012 - INFO - Websocket connected
2025-07-07 20:26:05,099 - INFO - Thu thập thành công 50 dòng
2025-07-07 20:26:05,253 - INFO - ✅ Thành công load vào DB.
2025-07-07 20:27:03,536 - INFO - Đang lấy dữ liệu candle 1m cho
2025-07-07 20:27:04,027 - INFO - Websocket connected
2025-07-07 20:27:05,048 - INFO - Thu thập thành công 50 dòng
2025-07-07 20:27:05,244 - INFO - ✅ Thành công load vào DB.
2025-07-07 20:28:03,604 - INFO - Đang lấy dữ liệu candle 1m cho
2025-07-07 20:28:04,041 - INFO - Websocket connected
2025-07-07 20:28:05,121 - INFO - Thu thập thành công 50 dòng
2025-07-07 20:28:05,320 - INFO - ✅ Thành công load vào DB.
2025-07-07 20:29:03,613 - INFO - Đang lấy dữ liệu candle 1m cho
2025-07-07 20:29:04,056 - INFO - Websocket connected
2025-07-07 20:29:05,123 - INFO - Thu thập thành công 50 dòng
2025-07-07 20:29:05,286 - INFO - ✅ Thành công load vào DB.
2025-07-07 20:30:03,451 - INFO - Đang lấy dữ liệu candle 1m cho
2025-07-07 20:30:03,989 - INFO - Websocket connected
2025-07-07 20:30:04,965 - INFO - Thu thập thành công 50 dòng
2025-07-07 20:30:05,180 - INFO - ✅ Thành công load vào DB.
2025-07-07 20:31:04,351 - INFO - Đang lấy dữ liệu candle 1m cho
2025-07-07 20:31:04,823 - INFO - Websocket connected
2025-07-07 20:31:05,860 - INFO - Thu thập thành công 50 dòng
2025-07-07 20:31:06,053 - INFO - ✅ Thành công load vào DB.
2025-07-07 20:32:03,614 - INFO - Đang lấy dữ liệu candle 1m cho
2025-07-07 20:32:04,046 - INFO - Websocket connected
2025-07-07 20:32:05,133 - INFO - Thu thập thành công 50 dòng
2025-07-07 20:32:05,305 - INFO - ✅ Thành công load vào DB.
2025-07-07 20:33:03,465 - INFO - Đang lấy dữ liệu candle 1m cho
2025-07-07 20:33:03,920 - INFO - Websocket connected
2025-07-07 20:33:04,985 - INFO - Thu thập thành công 50 dòng
2025-07-07 20:33:05,210 - INFO - ✅ Thành công load vào DB.
2025-07-07 20:34:03,922 - INFO - Đang lấy dữ liệu candle 1m cho
2025-07-07 20:34:04,357 - INFO - Websocket connected
2025-07-07 20:34:05,430 - INFO - Thu thập thành công 50 dòng
2025-07-07 20:34:05,659 - INFO - ✅ Thành công load vào DB.
2025-07-07 20:35:03,585 - INFO - Đang lấy dữ liệu candle 1m cho
2025-07-07 20:35:04,015 - INFO - Websocket connected
2025-07-07 20:35:05,100 - INFO - Thu thập thành công 50 dòng
2025-07-07 20:35:05,284 - INFO - ✅ Thành công load vào DB.
2025-07-07 20:36:03,693 - INFO - Đang lấy dữ liệu candle 1m cho
2025-07-07 20:36:04,194 - INFO - Websocket connected
2025-07-07 20:36:05,221 - INFO - Thu thập thành công 50 dòng
2025-07-07 20:36:05,449 - INFO - ✅ Thành công load vào DB.
2025-07-07 20:37:03,540 - INFO - Đang lấy dữ liệu candle 1m cho
2025-07-07 20:37:03,959 - INFO - Websocket connected
2025-07-07 20:37:05,051 - INFO - Thu thập thành công 50 dòng
2025-07-07 20:37:05,295 - INFO - ✅ Thành công load vào DB.
2025-07-07 20:38:03,484 - INFO - Đang lấy dữ liệu candle 1m cho
2025-07-07 20:38:03,957 - INFO - Websocket connected
2025-07-07 20:38:04,997 - INFO - Thu thập thành công 50 dòng
2025-07-07 20:38:05,260 - INFO - ✅ Thành công load vào DB.
2025-07-07 20:39:03,541 - INFO - Đang lấy dữ liệu candle 1m cho
2025-07-07 20:39:04,001 - INFO - Websocket connected
2025-07-07 20:39:05,070 - INFO - Thu thập thành công 50 dòng
2025-07-07 20:39:05,323 - INFO - ✅ Thành công load vào DB.
2025-07-07 20:40:03,597 - INFO - Đang lấy dữ liệu candle 1m cho
2025-07-07 20:40:04,233 - INFO - Websocket connected
2025-07-07 20:40:05,108 - INFO - Thu thập thành công 50 dòng
2025-07-07 20:40:05,339 - INFO - ✅ Thành công load vào DB.
2025-07-07 20:41:03,497 - INFO - Đang lấy dữ liệu candle 1m cho
2025-07-07 20:41:03,939 - INFO - Websocket connected
2025-07-07 20:41:05,002 - INFO - Thu thập thành công 50 dòng
2025-07-07 20:41:05,298 - INFO - ✅ Thành công load vào DB.
2025-07-07 20:42:03,700 - INFO - Đang lấy dữ liệu candle 1m cho
2025-07-07 20:42:04,162 - INFO - Websocket connected
2025-07-07 20:42:05,210 - INFO - Thu thập thành công 50 dòng
2025-07-07 20:42:05,470 - INFO - ✅ Thành công load vào DB.
2025-07-07 20:43:03,749 - INFO - Đang lấy dữ liệu candle 1m cho
2025-07-07 20:43:04,192 - INFO - Websocket connected
2025-07-07 20:43:05,265 - INFO - Thu thập thành công 50 dòng
2025-07-07 20:43:05,438 - INFO - ✅ Thành công load vào DB.
2025-07-07 20:44:04,361 - INFO - Đang lấy dữ liệu candle 1m cho
2025-07-07 20:44:04,805 - INFO - Websocket connected
2025-07-07 20:44:05,874 - INFO - Thu thập thành công 50 dòng
2025-07-07 20:44:06,120 - INFO - ✅ Thành công load vào DB.
2025-07-07 20:45:03,724 - INFO - Đang lấy dữ liệu candle 1m cho
2025-07-07 20:45:04,222 - INFO - Websocket connected
2025-07-07 20:45:05,238 - INFO - Thu thập thành công 50 dòng
2025-07-07 20:45:05,510 - INFO - ✅ Thành công load vào DB.
2025-07-07 20:46:03,724 - INFO - Đang lấy dữ liệu candle 1m cho
2025-07-07 20:46:04,216 - INFO - Websocket connected
2025-07-07 20:46:05,251 - INFO - Thu thập thành công 50 dòng
2025-07-07 20:46:05,514 - INFO - ✅ Thành công load vào DB.
2025-07-07 20:47:03,640 - INFO - Đang lấy dữ liệu candle 1m cho
2025-07-07 20:47:04,100 - INFO - Websocket connected
2025-07-07 20:47:05,150 - INFO - Thu thập thành công 50 dòng
2025-07-07 20:47:05,391 - INFO - ✅ Thành công load vào DB.
2025-07-07 20:48:03,461 - INFO - Đang lấy dữ liệu candle 1m cho
2025-07-07 20:48:03,899 - INFO - Websocket connected
2025-07-07 20:48:04,977 - INFO - Thu thập thành công 50 dòng
2025-07-07 20:48:05,160 - INFO - ✅ Thành công load vào DB.
2025-07-07 20:49:04,270 - INFO - Đang lấy dữ liệu candle 1m cho
2025-07-07 20:49:04,699 - INFO - Websocket connected
2025-07-07 20:49:05,786 - INFO - Thu thập thành công 50 dòng
2025-07-07 20:49:06,012 - INFO - ✅ Thành công load vào DB.
2025-07-07 20:50:03,601 - INFO - Đang lấy dữ liệu candle 1m cho
2025-07-07 20:50:04,077 - INFO - Websocket connected
2025-07-07 20:50:05,117 - INFO - Thu thập thành công 50 dòng
2025-07-07 20:50:05,398 - INFO - ✅ Thành công load vào DB.
2025-07-07 20:51:03,546 - INFO - Đang lấy dữ liệu candle 1m cho
2025-07-07 20:51:03,984 - INFO - Websocket connected
2025-07-07 20:51:05,058 - INFO - Thu thập thành công 50 dòng
2025-07-07 20:51:05,253 - INFO - ✅ Thành công load vào DB.
2025-07-07 20:52:03,840 - INFO - Đang lấy dữ liệu candle 1m cho
2025-07-07 20:52:04,280 - INFO - Websocket connected
2025-07-07 20:52:05,356 - INFO - Thu thập thành công 50 dòng
2025-07-07 20:52:05,713 - INFO - ✅ Thành công load vào DB.
2025-07-07 20:53:03,971 - INFO - Đang lấy dữ liệu candle 1m cho
2025-07-07 20:53:04,418 - INFO - Websocket connected
2025-07-07 20:53:05,490 - INFO - Thu thập thành công 50 dòng
2025-07-07 20:53:05,716 - INFO - ✅ Thành công load vào DB.
2025-07-07 20:54:03,644 - INFO - Đang lấy dữ liệu candle 1m cho
2025-07-07 20:54:04,107 - INFO - Websocket connected
2025-07-07 20:54:05,151 - INFO - Thu thập thành công 50 dòng
2025-07-07 20:54:05,381 - INFO - ✅ Thành công load vào DB.
2025-07-07 20:55:03,378 - INFO - Đang lấy dữ liệu candle 1m cho
2025-07-07 20:55:03,863 - INFO - Websocket connected
2025-07-07 20:55:04,893 - INFO - Thu thập thành công 50 dòng
2025-07-07 20:55:05,216 - INFO - ✅ Thành công load vào DB.
2025-07-07 20:56:03,626 - INFO - Đang lấy dữ liệu candle 1m cho
2025-07-07 20:56:04,132 - INFO - Websocket connected
2025-07-07 20:56:05,144 - INFO - Thu thập thành công 50 dòng
2025-07-07 20:56:05,490 - INFO - ✅ Thành công load vào DB.
2025-07-07 20:57:03,557 - INFO - Đang lấy dữ liệu candle 1m cho
2025-07-07 20:57:04,048 - INFO - Websocket connected
2025-07-07 20:57:05,069 - INFO - Thu thập thành công 50 dòng
2025-07-07 20:57:05,421 - INFO - ✅ Thành công load vào DB.
2025-07-07 20:58:03,567 - INFO - Đang lấy dữ liệu candle 1m cho
2025-07-07 20:58:04,023 - INFO - Websocket connected
2025-07-07 20:58:05,078 - INFO - Thu thập thành công 50 dòng
2025-07-07 20:58:05,266 - INFO - ✅ Thành công load vào DB.
2025-07-07 20:59:03,313 - INFO - Đang lấy dữ liệu candle 1m cho
2025-07-07 20:59:03,739 - INFO - Websocket connected
2025-07-07 20:59:04,824 - INFO - Thu thập thành công 50 dòng
2025-07-07 20:59:05,109 - INFO - ✅ Thành công load vào DB.
2025-07-07 21:00:03,615 - INFO - Đang lấy dữ liệu candle 1m cho
2025-07-07 21:00:04,172 - INFO - Websocket connected
2025-07-07 21:00:05,156 - INFO - Thu thập thành công 50 dòng
2025-07-07 21:00:05,474 - INFO - ✅ Thành công load vào DB.
2025-07-07 21:01:03,811 - INFO - Đang lấy dữ liệu candle 1m cho
2025-07-07 21:01:04,307 - INFO - Websocket connected
2025-07-07 21:01:05,322 - INFO - Thu thập thành công 50 dòng
2025-07-07 21:01:05,568 - INFO - ✅ Thành công load vào DB.
2025-07-07 21:02:04,168 - INFO - Đang lấy dữ liệu candle 1m cho
2025-07-07 21:02:04,574 - INFO - Websocket connected
2025-07-07 21:02:05,681 - INFO - Thu thập thành công 50 dòng
2025-07-07 21:02:05,848 - INFO - ✅ Thành công load vào DB.
2025-07-07 21:03:03,605 - INFO - Đang lấy dữ liệu candle 1m cho
2025-07-07 21:03:04,041 - INFO - Websocket connected
2025-07-07 21:03:05,121 - INFO - Thu thập thành công 50 dòng
2025-07-07 21:03:05,308 - INFO - ✅ Thành công load vào DB.
2025-07-07 21:04:04,064 - INFO - Đang lấy dữ liệu candle 1m cho
2025-07-07 21:04:04,498 - INFO - Websocket connected
2025-07-07 21:04:05,582 - INFO - Thu thập thành công 50 dòng
2025-07-07 21:04:05,936 - INFO - ✅ Thành công load vào DB.
2025-07-07 21:05:03,827 - INFO - Đang lấy dữ liệu candle 1m cho
2025-07-07 21:05:04,297 - INFO - Websocket connected
2025-07-07 21:05:05,349 - INFO - Thu thập thành công 50 dòng
2025-07-07 21:05:05,718 - INFO - ✅ Thành công load vào DB.
2025-07-07 21:06:03,419 - INFO - Đang lấy dữ liệu candle 1m cho
2025-07-07 21:06:03,853 - INFO - Websocket connected
2025-07-07 21:06:04,932 - INFO - Thu thập thành công 50 dòng
2025-07-07 21:06:05,288 - INFO - ✅ Thành công load vào DB.
2025-07-07 21:07:03,692 - INFO - Đang lấy dữ liệu candle 1m cho
2025-07-07 21:07:04,191 - INFO - Websocket connected
2025-07-07 21:07:05,203 - INFO - Thu thập thành công 50 dòng
2025-07-07 21:07:05,524 - INFO - ✅ Thành công load vào DB.
2025-07-07 21:08:06,261 - INFO - Đang lấy dữ liệu candle 1m cho
2025-07-07 21:08:06,687 - INFO - Websocket connected
2025-07-07 21:08:07,773 - INFO - Thu thập thành công 50 dòng
2025-07-07 21:08:08,180 - INFO - ✅ Thành công load vào DB.
2025-07-07 21:09:03,557 - INFO - Đang lấy dữ liệu candle 1m cho
2025-07-07 21:09:03,976 - INFO - Websocket connected
2025-07-07 21:09:05,072 - INFO - Thu thập thành công 50 dòng
2025-07-07 21:09:05,182 - INFO - ✅ Thành công load vào DB.
2025-07-07 21:10:03,717 - INFO - Đang lấy dữ liệu candle 1m cho
2025-07-07 21:10:04,327 - INFO - Websocket connected
2025-07-07 21:10:05,235 - INFO - Thu thập thành công 50 dòng
2025-07-07 21:10:05,560 - INFO - ✅ Thành công load vào DB.
2025-07-07 21:11:03,664 - INFO - Đang lấy dữ liệu candle 1m cho
2025-07-07 21:11:04,111 - INFO - Websocket connected
2025-07-07 21:11:05,179 - INFO - Thu thập thành công 50 dòng
2025-07-07 21:11:05,470 - INFO - ✅ Thành công load vào DB.
2025-07-07 21:12:03,341 - INFO - Đang lấy dữ liệu candle 1m cho
2025-07-07 21:12:03,762 - INFO - Websocket connected
2025-07-07 21:12:04,871 - INFO - Thu thập thành công 50 dòng
2025-07-07 21:12:05,200 - INFO - ✅ Thành công load vào DB.
2025-07-07 21:13:03,470 - INFO - Đang lấy dữ liệu candle 1m cho
2025-07-07 21:13:03,914 - INFO - Websocket connected
2025-07-07 21:13:04,991 - INFO - Thu thập thành công 50 dòng
2025-07-07 21:13:05,250 - INFO - ✅ Thành công load vào DB.
2025-07-07 21:14:03,943 - INFO - Đang lấy dữ liệu candle 1m cho
2025-07-07 21:14:04,443 - INFO - Websocket connected
2025-07-07 21:14:05,451 - INFO - Thu thập thành công 50 dòng
2025-07-07 21:14:05,728 - INFO - ✅ Thành công load vào DB.
2025-07-07 21:15:03,741 - INFO - Đang lấy dữ liệu candle 1m cho
2025-07-07 21:15:04,209 - INFO - Websocket connected
2025-07-07 21:15:05,280 - INFO - Thu thập thành công 50 dòng
2025-07-07 21:15:05,606 - INFO - ✅ Thành công load vào DB.
2025-07-07 21:16:03,521 - INFO - Đang lấy dữ liệu candle 1m cho
2025-07-07 21:16:03,969 - INFO - Websocket connected
2025-07-07 21:16:05,070 - INFO - Thu thập thành công 50 dòng
2025-07-07 21:16:05,353 - INFO - ✅ Thành công load vào DB.
2025-07-07 21:17:03,834 - INFO - Đang lấy dữ liệu candle 1m cho
2025-07-07 21:17:04,325 - INFO - Websocket connected
2025-07-07 21:17:05,350 - INFO - Thu thập thành công 50 dòng
2025-07-07 21:17:05,606 - INFO - ✅ Thành công load vào DB.
2025-07-07 21:18:03,483 - INFO - Đang lấy dữ liệu candle 1m cho
2025-07-07 21:18:03,909 - INFO - Websocket connected
2025-07-07 21:18:05,009 - INFO - Thu thập thành công 50 dòng
2025-07-07 21:18:05,269 - INFO - ✅ Thành công load vào DB.
2025-07-07 21:19:04,502 - INFO - Đang lấy dữ liệu candle 1m cho
2025-07-07 21:19:04,996 - INFO - Websocket connected
2025-07-07 21:19:06,017 - INFO - Thu thập thành công 50 dòng
2025-07-07 21:19:06,211 - INFO - ✅ Thành công load vào DB.
2025-07-07 21:20:03,613 - INFO - Đang lấy dữ liệu candle 1m cho
2025-07-07 21:20:04,007 - INFO - Websocket connected
2025-07-07 21:20:05,135 - INFO - Thu thập thành công 50 dòng
2025-07-07 21:20:05,242 - INFO - ✅ Thành công load vào DB.
2025-07-07 21:21:03,506 - INFO - Đang lấy dữ liệu candle 1m cho
2025-07-07 21:21:03,980 - INFO - Websocket connected
2025-07-07 21:21:05,021 - INFO - Thu thập thành công 50 dòng
2025-07-07 21:21:05,243 - INFO - ✅ Thành công load vào DB.
2025-07-07 21:22:03,480 - INFO - Đang lấy dữ liệu candle 1m cho
2025-07-07 21:22:03,989 - INFO - Websocket connected
2025-07-07 21:22:05,027 - INFO - Thu thập thành công 50 dòng
2025-07-07 21:22:05,231 - INFO - ✅ Thành công load vào DB.
2025-07-07 21:23:03,628 - INFO - Đang lấy dữ liệu candle 1m cho
2025-07-07 21:23:04,257 - INFO - Websocket connected
2025-07-07 21:23:05,665 - INFO - Thu thập thành công 40 dòng
2025-07-07 21:23:05,905 - INFO - ✅ Thành công load vào DB.
2025-07-07 21:24:03,440 - INFO - Đang lấy dữ liệu candle 1m cho
2025-07-07 21:24:03,857 - INFO - Websocket connected
2025-07-07 21:24:04,960 - INFO - Thu thập thành công 50 dòng
2025-07-07 21:24:05,179 - INFO - ✅ Thành công load vào DB.
2025-07-07 21:25:03,609 - INFO - Đang lấy dữ liệu candle 1m cho
2025-07-07 21:25:04,012 - INFO - Websocket connected
2025-07-07 21:25:05,123 - INFO - Thu thập thành công 50 dòng
2025-07-07 21:25:05,487 - INFO - ✅ Thành công load vào DB.
2025-07-07 21:26:03,507 - INFO - Đang lấy dữ liệu candle 1m cho
2025-07-07 21:26:03,993 - INFO - Websocket connected
2025-07-07 21:26:05,025 - INFO - Thu thập thành công 50 dòng
2025-07-07 21:26:05,235 - INFO - ✅ Thành công load vào DB.
2025-07-07 21:27:03,427 - INFO - Đang lấy dữ liệu candle 1m cho
2025-07-07 21:27:03,900 - INFO - Websocket connected
2025-07-07 21:27:04,940 - INFO - Thu thập thành công 50 dòng
2025-07-07 21:27:05,204 - INFO - ✅ Thành công load vào DB.
2025-07-07 21:28:03,791 - INFO - Đang lấy dữ liệu candle 1m cho
2025-07-07 21:28:04,249 - INFO - Websocket connected
2025-07-07 21:28:05,303 - INFO - Thu thập thành công 50 dòng
2025-07-07 21:28:05,692 - INFO - ✅ Thành công load vào DB.
2025-07-07 21:29:03,818 - INFO - Đang lấy dữ liệu candle 1m cho
2025-07-07 21:29:04,237 - INFO - Websocket connected
2025-07-07 21:29:05,335 - INFO - Thu thập thành công 50 dòng
2025-07-07 21:29:05,580 - INFO - ✅ Thành công load vào DB.
2025-07-07 21:30:03,469 - INFO - Đang lấy dữ liệu candle 1m cho
2025-07-07 21:30:03,919 - INFO - Websocket connected
2025-07-07 21:30:04,977 - INFO - Thu thập thành công 50 dòng
2025-07-07 21:30:05,394 - INFO - ✅ Thành công load vào DB.
2025-07-07 21:31:03,414 - INFO - Đang lấy dữ liệu candle 1m cho
2025-07-07 21:31:04,047 - INFO - Websocket connected
2025-07-07 21:31:04,938 - INFO - Thu thập thành công 50 dòng
2025-07-07 21:31:05,238 - INFO - ✅ Thành công load vào DB.
2025-07-07 21:32:03,622 - INFO - Đang lấy dữ liệu candle 1m cho
2025-07-07 21:32:04,047 - INFO - Websocket connected
2025-07-07 21:32:05,133 - INFO - Thu thập thành công 50 dòng
2025-07-07 21:32:05,431 - INFO - ✅ Thành công load vào DB.
2025-07-07 21:33:03,296 - INFO - Đang lấy dữ liệu candle 1m cho
2025-07-07 21:33:03,722 - INFO - Websocket connected
2025-07-07 21:33:04,810 - INFO - Thu thập thành công 50 dòng
2025-07-07 21:33:05,067 - INFO - ✅ Thành công load vào DB.
2025-07-07 21:34:03,480 - INFO - Đang lấy dữ liệu candle 1m cho
2025-07-07 21:34:03,917 - INFO - Websocket connected
2025-07-07 21:34:04,988 - INFO - Thu thập thành công 50 dòng
2025-07-07 21:34:05,379 - INFO - ✅ Thành công load vào DB.
2025-07-07 21:35:03,432 - INFO - Đang lấy dữ liệu candle 1m cho
2025-07-07 21:35:03,884 - INFO - Websocket connected
2025-07-07 21:35:04,951 - INFO - Thu thập thành công 50 dòng
2025-07-07 21:35:05,207 - INFO - ✅ Thành công load vào DB.
2025-07-07 21:36:03,627 - INFO - Đang lấy dữ liệu candle 1m cho
2025-07-07 21:36:04,242 - INFO - Websocket connected
2025-07-07 21:36:05,149 - INFO - Thu thập thành công 50 dòng
2025-07-07 21:36:05,388 - INFO - ✅ Thành công load vào DB.
2025-07-07 21:37:03,919 - INFO - Đang lấy dữ liệu candle 1m cho
2025-07-07 21:37:04,353 - INFO - Websocket connected
2025-07-07 21:37:05,436 - INFO - Thu thập thành công 50 dòng
2025-07-07 21:37:05,688 - INFO - ✅ Thành công load vào DB.
2025-07-07 21:38:03,797 - INFO - Đang lấy dữ liệu candle 1m cho
2025-07-07 21:38:04,237 - INFO - Websocket connected
2025-07-07 21:38:05,317 - INFO - Thu thập thành công 50 dòng
2025-07-07 21:38:05,637 - INFO - ✅ Thành công load vào DB.
